INFO - 2023-04-11 05:25:16 --> Session: Class initialized using 'CodeIgniter\Session\Handlers\FileHandler' driver.
INFO - 2023-04-11 05:25:16 --> Session: Class initialized using 'CodeIgniter\Session\Handlers\FileHandler' driver.
INFO - 2023-04-11 05:25:20 --> Session: Class initialized using 'CodeIgniter\Session\Handlers\FileHandler' driver.
INFO - 2023-04-11 05:25:20 --> Session: Class initialized using 'CodeIgniter\Session\Handlers\FileHandler' driver.
INFO - 2023-04-11 05:25:27 --> Session: Class initialized using 'CodeIgniter\Session\Handlers\FileHandler' driver.
INFO - 2023-04-11 05:25:27 --> Session: Class initialized using 'CodeIgniter\Session\Handlers\FileHandler' driver.
INFO - 2023-04-11 05:31:36 --> Session: Class initialized using 'CodeIgniter\Session\Handlers\FileHandler' driver.
INFO - 2023-04-11 05:31:36 --> Session: Class initialized using 'CodeIgniter\Session\Handlers\FileHandler' driver.
INFO - 2023-04-11 06:48:57 --> Session: Class initialized using 'CodeIgniter\Session\Handlers\FileHandler' driver.
INFO - 2023-04-11 06:49:06 --> Session: Class initialized using 'CodeIgniter\Session\Handlers\FileHandler' driver.
INFO - 2023-04-11 07:37:32 --> Session: Class initialized using 'CodeIgniter\Session\Handlers\FileHandler' driver.
INFO - 2023-04-11 07:37:38 --> Session: Class initialized using 'CodeIgniter\Session\Handlers\FileHandler' driver.
INFO - 2023-04-11 07:38:04 --> Session: Class initialized using 'CodeIgniter\Session\Handlers\FileHandler' driver.
INFO - 2023-04-11 07:39:35 --> Session: Class initialized using 'CodeIgniter\Session\Handlers\FileHandler' driver.
INFO - 2023-04-11 07:39:38 --> Session: Class initialized using 'CodeIgniter\Session\Handlers\FileHandler' driver.
INFO - 2023-04-11 07:40:55 --> Session: Class initialized using 'CodeIgniter\Session\Handlers\FileHandler' driver.
INFO - 2023-04-11 07:40:58 --> Session: Class initialized using 'CodeIgniter\Session\Handlers\FileHandler' driver.
INFO - 2023-04-11 07:41:08 --> Session: Class initialized using 'CodeIgniter\Session\Handlers\FileHandler' driver.
INFO - 2023-04-11 07:42:20 --> Session: Class initialized using 'CodeIgniter\Session\Handlers\FileHandler' driver.
INFO - 2023-04-11 07:44:30 --> Session: Class initialized using 'CodeIgniter\Session\Handlers\FileHandler' driver.
INFO - 2023-04-11 07:44:59 --> Session: Class initialized using 'CodeIgniter\Session\Handlers\FileHandler' driver.
INFO - 2023-04-11 07:45:49 --> Session: Class initialized using 'CodeIgniter\Session\Handlers\FileHandler' driver.
INFO - 2023-04-11 07:51:28 --> Session: Class initialized using 'CodeIgniter\Session\Handlers\FileHandler' driver.
INFO - 2023-04-11 07:51:45 --> Session: Class initialized using 'CodeIgniter\Session\Handlers\FileHandler' driver.
INFO - 2023-04-11 07:51:49 --> Session: Class initialized using 'CodeIgniter\Session\Handlers\FileHandler' driver.
INFO - 2023-04-11 07:54:26 --> Session: Class initialized using 'CodeIgniter\Session\Handlers\FileHandler' driver.
INFO - 2023-04-11 07:54:34 --> Session: Class initialized using 'CodeIgniter\Session\Handlers\FileHandler' driver.
INFO - 2023-04-11 07:56:54 --> Session: Class initialized using 'CodeIgniter\Session\Handlers\FileHandler' driver.
INFO - 2023-04-11 07:56:57 --> Session: Class initialized using 'CodeIgniter\Session\Handlers\FileHandler' driver.
INFO - 2023-04-11 07:57:58 --> Session: Class initialized using 'CodeIgniter\Session\Handlers\FileHandler' driver.
INFO - 2023-04-11 08:03:55 --> Session: Class initialized using 'CodeIgniter\Session\Handlers\FileHandler' driver.
INFO - 2023-04-11 08:04:08 --> Session: Class initialized using 'CodeIgniter\Session\Handlers\FileHandler' driver.
INFO - 2023-04-11 08:05:43 --> Session: Class initialized using 'CodeIgniter\Session\Handlers\FileHandler' driver.
INFO - 2023-04-11 08:10:04 --> Session: Class initialized using 'CodeIgniter\Session\Handlers\FileHandler' driver.
INFO - 2023-04-11 08:10:38 --> Session: Class initialized using 'CodeIgniter\Session\Handlers\FileHandler' driver.
INFO - 2023-04-11 08:11:17 --> Session: Class initialized using 'CodeIgniter\Session\Handlers\FileHandler' driver.
INFO - 2023-04-11 08:11:33 --> Session: Class initialized using 'CodeIgniter\Session\Handlers\FileHandler' driver.
INFO - 2023-04-11 08:11:42 --> Session: Class initialized using 'CodeIgniter\Session\Handlers\FileHandler' driver.
INFO - 2023-04-11 08:12:07 --> Session: Class initialized using 'CodeIgniter\Session\Handlers\FileHandler' driver.
INFO - 2023-04-11 08:12:21 --> Session: Class initialized using 'CodeIgniter\Session\Handlers\FileHandler' driver.
INFO - 2023-04-11 08:12:25 --> Session: Class initialized using 'CodeIgniter\Session\Handlers\FileHandler' driver.
INFO - 2023-04-11 08:12:31 --> Session: Class initialized using 'CodeIgniter\Session\Handlers\FileHandler' driver.
INFO - 2023-04-11 08:12:34 --> Session: Class initialized using 'CodeIgniter\Session\Handlers\FileHandler' driver.
INFO - 2023-04-11 08:13:19 --> Session: Class initialized using 'CodeIgniter\Session\Handlers\FileHandler' driver.
INFO - 2023-04-11 08:13:21 --> Session: Class initialized using 'CodeIgniter\Session\Handlers\FileHandler' driver.
INFO - 2023-04-11 08:13:24 --> Session: Class initialized using 'CodeIgniter\Session\Handlers\FileHandler' driver.
INFO - 2023-04-11 08:14:16 --> Session: Class initialized using 'CodeIgniter\Session\Handlers\FileHandler' driver.
CRITICAL - 2023-04-11 08:14:16 --> "all_cue" is not a valid Pager template.
in SYSTEMPATH\Pager\Pager.php on line 120.
 1 SYSTEMPATH\Pager\Pager.php(120): CodeIgniter\Pager\Exceptions\PagerException::forInvalidTemplate('all_cue')
 2 SYSTEMPATH\Pager\Pager.php(110): CodeIgniter\Pager\Pager->displayLinks('default', 'all_cue')
 3 APPPATH\Controllers\Ourservices.php(66): CodeIgniter\Pager\Pager->makeLinks(3, 30, 71, 'all_cue')
 4 SYSTEMPATH\CodeIgniter.php(934): App\Controllers\Ourservices->contact_enquires()
 5 SYSTEMPATH\CodeIgniter.php(499): CodeIgniter\CodeIgniter->runController(Object(App\Controllers\Ourservices))
 6 SYSTEMPATH\CodeIgniter.php(368): CodeIgniter\CodeIgniter->handleRequest(null, Object(Config\Cache), false)
 7 FCPATH\index.php(67): CodeIgniter\CodeIgniter->run()
INFO - 2023-04-11 08:14:48 --> Session: Class initialized using 'CodeIgniter\Session\Handlers\FileHandler' driver.
INFO - 2023-04-11 08:14:52 --> Session: Class initialized using 'CodeIgniter\Session\Handlers\FileHandler' driver.
INFO - 2023-04-11 08:34:33 --> Session: Class initialized using 'CodeIgniter\Session\Handlers\FileHandler' driver.
INFO - 2023-04-11 08:34:35 --> Session: Class initialized using 'CodeIgniter\Session\Handlers\FileHandler' driver.
INFO - 2023-04-11 08:34:39 --> Session: Class initialized using 'CodeIgniter\Session\Handlers\FileHandler' driver.
INFO - 2023-04-11 08:35:49 --> Session: Class initialized using 'CodeIgniter\Session\Handlers\FileHandler' driver.
INFO - 2023-04-11 08:35:54 --> Session: Class initialized using 'CodeIgniter\Session\Handlers\FileHandler' driver.
INFO - 2023-04-11 08:35:57 --> Session: Class initialized using 'CodeIgniter\Session\Handlers\FileHandler' driver.
INFO - 2023-04-11 08:36:00 --> Session: Class initialized using 'CodeIgniter\Session\Handlers\FileHandler' driver.
INFO - 2023-04-11 08:37:14 --> Session: Class initialized using 'CodeIgniter\Session\Handlers\FileHandler' driver.
INFO - 2023-04-11 08:41:06 --> Session: Class initialized using 'CodeIgniter\Session\Handlers\FileHandler' driver.
INFO - 2023-04-11 08:41:13 --> Session: Class initialized using 'CodeIgniter\Session\Handlers\FileHandler' driver.
INFO - 2023-04-11 08:41:15 --> Session: Class initialized using 'CodeIgniter\Session\Handlers\FileHandler' driver.
INFO - 2023-04-11 08:43:03 --> Session: Class initialized using 'CodeIgniter\Session\Handlers\FileHandler' driver.
INFO - 2023-04-11 08:43:06 --> Session: Class initialized using 'CodeIgniter\Session\Handlers\FileHandler' driver.
INFO - 2023-04-11 08:43:07 --> Session: Class initialized using 'CodeIgniter\Session\Handlers\FileHandler' driver.
INFO - 2023-04-11 08:43:09 --> Session: Class initialized using 'CodeIgniter\Session\Handlers\FileHandler' driver.
INFO - 2023-04-11 08:44:15 --> Session: Class initialized using 'CodeIgniter\Session\Handlers\FileHandler' driver.
INFO - 2023-04-11 08:44:17 --> Session: Class initialized using 'CodeIgniter\Session\Handlers\FileHandler' driver.
INFO - 2023-04-11 08:44:20 --> Session: Class initialized using 'CodeIgniter\Session\Handlers\FileHandler' driver.
INFO - 2023-04-11 08:44:27 --> Session: Class initialized using 'CodeIgniter\Session\Handlers\FileHandler' driver.
INFO - 2023-04-11 08:44:31 --> Session: Class initialized using 'CodeIgniter\Session\Handlers\FileHandler' driver.
INFO - 2023-04-11 08:44:34 --> Session: Class initialized using 'CodeIgniter\Session\Handlers\FileHandler' driver.
INFO - 2023-04-11 08:45:16 --> Session: Class initialized using 'CodeIgniter\Session\Handlers\FileHandler' driver.
INFO - 2023-04-11 08:45:19 --> Session: Class initialized using 'CodeIgniter\Session\Handlers\FileHandler' driver.
INFO - 2023-04-11 08:45:21 --> Session: Class initialized using 'CodeIgniter\Session\Handlers\FileHandler' driver.
INFO - 2023-04-11 08:45:32 --> Session: Class initialized using 'CodeIgniter\Session\Handlers\FileHandler' driver.
INFO - 2023-04-11 08:46:36 --> Session: Class initialized using 'CodeIgniter\Session\Handlers\FileHandler' driver.
INFO - 2023-04-11 08:46:39 --> Session: Class initialized using 'CodeIgniter\Session\Handlers\FileHandler' driver.
INFO - 2023-04-11 08:46:42 --> Session: Class initialized using 'CodeIgniter\Session\Handlers\FileHandler' driver.
CRITICAL - 2023-04-11 10:18:59 --> Path validation failed. File path must begin with //rblog//
in APPPATH\Libraries\bunny_api\BunnyCDNStorage.php on line 159.
 1 APPPATH\Libraries\bunny_api\BunnyCDNStorage.php(50): BunnyCDNStorage->normalizePath('/rblog/', true)
 2 APPPATH\Controllers\Blog.php(85): BunnyCDNStorage->getStorageObjects('/rblog/')
 3 SYSTEMPATH\CodeIgniter.php(934): App\Controllers\Blog->test()
 4 SYSTEMPATH\CodeIgniter.php(499): CodeIgniter\CodeIgniter->runController(Object(App\Controllers\Blog))
 5 SYSTEMPATH\CodeIgniter.php(368): CodeIgniter\CodeIgniter->handleRequest(null, Object(Config\Cache), false)
 6 FCPATH\index.php(67): CodeIgniter\CodeIgniter->run()
CRITICAL - 2023-04-11 10:19:23 --> An unknown error has occured during the request. Status code: 60
in APPPATH\Libraries\bunny_api\BunnyCDNStorage.php on line 133.
 1 APPPATH\Libraries\bunny_api\BunnyCDNStorage.php(51): BunnyCDNStorage->sendHttpRequest('rblog/')
 2 APPPATH\Controllers\Blog.php(85): BunnyCDNStorage->getStorageObjects('//rblog//')
 3 SYSTEMPATH\CodeIgniter.php(934): App\Controllers\Blog->test()
 4 SYSTEMPATH\CodeIgniter.php(499): CodeIgniter\CodeIgniter->runController(Object(App\Controllers\Blog))
 5 SYSTEMPATH\CodeIgniter.php(368): CodeIgniter\CodeIgniter->handleRequest(null, Object(Config\Cache), false)
 6 FCPATH\index.php(67): CodeIgniter\CodeIgniter->run()
CRITICAL - 2023-04-11 10:19:50 --> Path validation failed. File path must begin with //rblog//
in APPPATH\Libraries\bunny_api\BunnyCDNStorage.php on line 159.
 1 APPPATH\Libraries\bunny_api\BunnyCDNStorage.php(50): BunnyCDNStorage->normalizePath('//rblog/', true)
 2 APPPATH\Controllers\Blog.php(85): BunnyCDNStorage->getStorageObjects('//rblog/')
 3 SYSTEMPATH\CodeIgniter.php(934): App\Controllers\Blog->test()
 4 SYSTEMPATH\CodeIgniter.php(499): CodeIgniter\CodeIgniter->runController(Object(App\Controllers\Blog))
 5 SYSTEMPATH\CodeIgniter.php(368): CodeIgniter\CodeIgniter->handleRequest(null, Object(Config\Cache), false)
 6 FCPATH\index.php(67): CodeIgniter\CodeIgniter->run()
CRITICAL - 2023-04-11 10:21:28 --> Path validation failed. File path must begin with //rblog//
in APPPATH\Libraries\bunny_api\BunnyCDNStorage.php on line 159.
 1 APPPATH\Libraries\bunny_api\BunnyCDNStorage.php(50): BunnyCDNStorage->normalizePath('//rblog/blog', true)
 2 APPPATH\Controllers\Blog.php(85): BunnyCDNStorage->getStorageObjects('//rblog/blog')
 3 SYSTEMPATH\CodeIgniter.php(934): App\Controllers\Blog->test()
 4 SYSTEMPATH\CodeIgniter.php(499): CodeIgniter\CodeIgniter->runController(Object(App\Controllers\Blog))
 5 SYSTEMPATH\CodeIgniter.php(368): CodeIgniter\CodeIgniter->handleRequest(null, Object(Config\Cache), false)
 6 FCPATH\index.php(67): CodeIgniter\CodeIgniter->run()
CRITICAL - 2023-04-11 10:22:23 --> An unknown error has occured during the request. Status code: 60
in APPPATH\Libraries\bunny_api\BunnyCDNStorage.php on line 133.
 1 APPPATH\Libraries\bunny_api\BunnyCDNStorage.php(51): BunnyCDNStorage->sendHttpRequest('rblog/blog/')
 2 APPPATH\Controllers\Blog.php(85): BunnyCDNStorage->getStorageObjects('//rblog//blog/')
 3 SYSTEMPATH\CodeIgniter.php(934): App\Controllers\Blog->test()
 4 SYSTEMPATH\CodeIgniter.php(499): CodeIgniter\CodeIgniter->runController(Object(App\Controllers\Blog))
 5 SYSTEMPATH\CodeIgniter.php(368): CodeIgniter\CodeIgniter->handleRequest(null, Object(Config\Cache), false)
 6 FCPATH\index.php(67): CodeIgniter\CodeIgniter->run()
CRITICAL - 2023-04-11 10:23:41 --> Call to private method BunnyCDNStorage::getBaseUrl() from scope App\Controllers\Blog
in APPPATH\Controllers\Blog.php on line 85.
 1 SYSTEMPATH\CodeIgniter.php(934): App\Controllers\Blog->test()
 2 SYSTEMPATH\CodeIgniter.php(499): CodeIgniter\CodeIgniter->runController(Object(App\Controllers\Blog))
 3 SYSTEMPATH\CodeIgniter.php(368): CodeIgniter\CodeIgniter->handleRequest(null, Object(Config\Cache), false)
 4 FCPATH\index.php(67): CodeIgniter\CodeIgniter->run()
CRITICAL - 2023-04-11 10:24:24 --> Too few arguments to function BunnyCDNStorage::getStorageObjects(), 0 passed in C:\wamp64\www\webadmin\app\Controllers\Blog.php on line 85 and exactly 1 expected
in APPPATH\Libraries\bunny_api\BunnyCDNStorage.php on line 48.
 1 APPPATH\Controllers\Blog.php(85): BunnyCDNStorage->getStorageObjects()
 2 SYSTEMPATH\CodeIgniter.php(934): App\Controllers\Blog->test()
 3 SYSTEMPATH\CodeIgniter.php(499): CodeIgniter\CodeIgniter->runController(Object(App\Controllers\Blog))
 4 SYSTEMPATH\CodeIgniter.php(368): CodeIgniter\CodeIgniter->handleRequest(null, Object(Config\Cache), false)
 5 FCPATH\index.php(67): CodeIgniter\CodeIgniter->run()
CRITICAL - 2023-04-11 10:24:59 --> An unknown error has occured during the request. Status code: 60
in APPPATH\Libraries\bunny_api\BunnyCDNStorage.php on line 133.
 1 APPPATH\Libraries\bunny_api\BunnyCDNStorage.php(51): BunnyCDNStorage->sendHttpRequest('rblog/')
 2 APPPATH\Controllers\Blog.php(85): BunnyCDNStorage->getStorageObjects('//rblog//')
 3 SYSTEMPATH\CodeIgniter.php(934): App\Controllers\Blog->test()
 4 SYSTEMPATH\CodeIgniter.php(499): CodeIgniter\CodeIgniter->runController(Object(App\Controllers\Blog))
 5 SYSTEMPATH\CodeIgniter.php(368): CodeIgniter\CodeIgniter->handleRequest(null, Object(Config\Cache), false)
 6 FCPATH\index.php(67): CodeIgniter\CodeIgniter->run()
CRITICAL - 2023-04-11 10:27:16 --> Path validation failed. File path must begin with //bkpz//
in APPPATH\Libraries\bunny_api\BunnyCDNStorage.php on line 159.
 1 APPPATH\Libraries\bunny_api\BunnyCDNStorage.php(50): BunnyCDNStorage->normalizePath('//rblog//', true)
 2 APPPATH\Controllers\Blog.php(85): BunnyCDNStorage->getStorageObjects('//rblog//')
 3 SYSTEMPATH\CodeIgniter.php(934): App\Controllers\Blog->test()
 4 SYSTEMPATH\CodeIgniter.php(499): CodeIgniter\CodeIgniter->runController(Object(App\Controllers\Blog))
 5 SYSTEMPATH\CodeIgniter.php(368): CodeIgniter\CodeIgniter->handleRequest(null, Object(Config\Cache), false)
 6 FCPATH\index.php(67): CodeIgniter\CodeIgniter->run()
CRITICAL - 2023-04-11 10:27:35 --> An unknown error has occured during the request. Status code: 60
in APPPATH\Libraries\bunny_api\BunnyCDNStorage.php on line 133.
 1 APPPATH\Libraries\bunny_api\BunnyCDNStorage.php(51): BunnyCDNStorage->sendHttpRequest('bkpz/')
 2 APPPATH\Controllers\Blog.php(85): BunnyCDNStorage->getStorageObjects('//bkpz//')
 3 SYSTEMPATH\CodeIgniter.php(934): App\Controllers\Blog->test()
 4 SYSTEMPATH\CodeIgniter.php(499): CodeIgniter\CodeIgniter->runController(Object(App\Controllers\Blog))
 5 SYSTEMPATH\CodeIgniter.php(368): CodeIgniter\CodeIgniter->handleRequest(null, Object(Config\Cache), false)
 6 FCPATH\index.php(67): CodeIgniter\CodeIgniter->run()
CRITICAL - 2023-04-11 10:27:52 --> Path validation failed. File path must begin with ///bkpz///
in APPPATH\Libraries\bunny_api\BunnyCDNStorage.php on line 159.
 1 APPPATH\Libraries\bunny_api\BunnyCDNStorage.php(50): BunnyCDNStorage->normalizePath('//bkpz//', true)
 2 APPPATH\Controllers\Blog.php(85): BunnyCDNStorage->getStorageObjects('//bkpz//')
 3 SYSTEMPATH\CodeIgniter.php(934): App\Controllers\Blog->test()
 4 SYSTEMPATH\CodeIgniter.php(499): CodeIgniter\CodeIgniter->runController(Object(App\Controllers\Blog))
 5 SYSTEMPATH\CodeIgniter.php(368): CodeIgniter\CodeIgniter->handleRequest(null, Object(Config\Cache), false)
 6 FCPATH\index.php(67): CodeIgniter\CodeIgniter->run()
CRITICAL - 2023-04-11 10:28:55 --> Path validation failed. File path must begin with //bkpz//
in APPPATH\Libraries\bunny_api\BunnyCDNStorage.php on line 159.
 1 APPPATH\Libraries\bunny_api\BunnyCDNStorage.php(50): BunnyCDNStorage->normalizePath('/public/', true)
 2 APPPATH\Controllers\Blog.php(85): BunnyCDNStorage->getStorageObjects('/public/')
 3 SYSTEMPATH\CodeIgniter.php(934): App\Controllers\Blog->test()
 4 SYSTEMPATH\CodeIgniter.php(499): CodeIgniter\CodeIgniter->runController(Object(App\Controllers\Blog))
 5 SYSTEMPATH\CodeIgniter.php(368): CodeIgniter\CodeIgniter->handleRequest(null, Object(Config\Cache), false)
 6 FCPATH\index.php(67): CodeIgniter\CodeIgniter->run()
CRITICAL - 2023-04-11 10:28:56 --> Path validation failed. File path must begin with //bkpz//
in APPPATH\Libraries\bunny_api\BunnyCDNStorage.php on line 159.
 1 APPPATH\Libraries\bunny_api\BunnyCDNStorage.php(50): BunnyCDNStorage->normalizePath('/public/', true)
 2 APPPATH\Controllers\Blog.php(85): BunnyCDNStorage->getStorageObjects('/public/')
 3 SYSTEMPATH\CodeIgniter.php(934): App\Controllers\Blog->test()
 4 SYSTEMPATH\CodeIgniter.php(499): CodeIgniter\CodeIgniter->runController(Object(App\Controllers\Blog))
 5 SYSTEMPATH\CodeIgniter.php(368): CodeIgniter\CodeIgniter->handleRequest(null, Object(Config\Cache), false)
 6 FCPATH\index.php(67): CodeIgniter\CodeIgniter->run()
CRITICAL - 2023-04-11 10:29:20 --> An unknown error has occured during the request. Status code: 60
in APPPATH\Libraries\bunny_api\BunnyCDNStorage.php on line 133.
 1 APPPATH\Libraries\bunny_api\BunnyCDNStorage.php(51): BunnyCDNStorage->sendHttpRequest('bkpz/public/')
 2 APPPATH\Controllers\Blog.php(85): BunnyCDNStorage->getStorageObjects('//bkpz//public/')
 3 SYSTEMPATH\CodeIgniter.php(934): App\Controllers\Blog->test()
 4 SYSTEMPATH\CodeIgniter.php(499): CodeIgniter\CodeIgniter->runController(Object(App\Controllers\Blog))
 5 SYSTEMPATH\CodeIgniter.php(368): CodeIgniter\CodeIgniter->handleRequest(null, Object(Config\Cache), false)
 6 FCPATH\index.php(67): CodeIgniter\CodeIgniter->run()
CRITICAL - 2023-04-11 10:32:46 --> Path validation failed. File path must begin with /bkpz/
in APPPATH\Libraries\bunny_api\BunnyCDNStorage.php on line 159.
 1 APPPATH\Libraries\bunny_api\BunnyCDNStorage.php(50): BunnyCDNStorage->normalizePath('//bkpz//public/', true)
 2 APPPATH\Controllers\Blog.php(85): BunnyCDNStorage->getStorageObjects('//bkpz//public/')
 3 SYSTEMPATH\CodeIgniter.php(934): App\Controllers\Blog->test()
 4 SYSTEMPATH\CodeIgniter.php(499): CodeIgniter\CodeIgniter->runController(Object(App\Controllers\Blog))
 5 SYSTEMPATH\CodeIgniter.php(368): CodeIgniter\CodeIgniter->handleRequest(null, Object(Config\Cache), false)
 6 FCPATH\index.php(67): CodeIgniter\CodeIgniter->run()
CRITICAL - 2023-04-11 10:33:11 --> An unknown error has occured during the request. Status code: 60
in APPPATH\Libraries\bunny_api\BunnyCDNStorage.php on line 133.
 1 APPPATH\Libraries\bunny_api\BunnyCDNStorage.php(51): BunnyCDNStorage->sendHttpRequest('bkpz/public/')
 2 APPPATH\Controllers\Blog.php(85): BunnyCDNStorage->getStorageObjects('/bkpz/public/')
 3 SYSTEMPATH\CodeIgniter.php(934): App\Controllers\Blog->test()
 4 SYSTEMPATH\CodeIgniter.php(499): CodeIgniter\CodeIgniter->runController(Object(App\Controllers\Blog))
 5 SYSTEMPATH\CodeIgniter.php(368): CodeIgniter\CodeIgniter->handleRequest(null, Object(Config\Cache), false)
 6 FCPATH\index.php(67): CodeIgniter\CodeIgniter->run()
CRITICAL - 2023-04-11 10:48:10 --> An unknown error has occured during the request. Status code: 60
in APPPATH\Libraries\bunny_api\BunnyCDNStorage.php on line 133.
 1 APPPATH\Libraries\bunny_api\BunnyCDNStorage.php(51): BunnyCDNStorage->sendHttpRequest('rblog/')
 2 APPPATH\Controllers\Blog.php(85): BunnyCDNStorage->getStorageObjects('/rblog//')
 3 SYSTEMPATH\CodeIgniter.php(934): App\Controllers\Blog->test()
 4 SYSTEMPATH\CodeIgniter.php(499): CodeIgniter\CodeIgniter->runController(Object(App\Controllers\Blog))
 5 SYSTEMPATH\CodeIgniter.php(368): CodeIgniter\CodeIgniter->handleRequest(null, Object(Config\Cache), false)
 6 FCPATH\index.php(67): CodeIgniter\CodeIgniter->run()
CRITICAL - 2023-04-11 10:49:20 --> An unknown error has occured during the request. Status code: 60
in APPPATH\Libraries\bunny_api\BunnyCDNStorage.php on line 133.
 1 APPPATH\Libraries\bunny_api\BunnyCDNStorage.php(51): BunnyCDNStorage->sendHttpRequest('rblog/')
 2 APPPATH\Controllers\Blog.php(85): BunnyCDNStorage->getStorageObjects('/rblog//')
 3 SYSTEMPATH\CodeIgniter.php(934): App\Controllers\Blog->test()
 4 SYSTEMPATH\CodeIgniter.php(499): CodeIgniter\CodeIgniter->runController(Object(App\Controllers\Blog))
 5 SYSTEMPATH\CodeIgniter.php(368): CodeIgniter\CodeIgniter->handleRequest(null, Object(Config\Cache), false)
 6 FCPATH\index.php(67): CodeIgniter\CodeIgniter->run()
CRITICAL - 2023-04-11 10:50:05 --> An unknown error has occured during the request. Status code: 60
in APPPATH\Libraries\bunny_api\BunnyCDNStorage.php on line 133.
 1 APPPATH\Libraries\bunny_api\BunnyCDNStorage.php(51): BunnyCDNStorage->sendHttpRequest('rblog/')
 2 APPPATH\Controllers\Blog.php(85): BunnyCDNStorage->getStorageObjects('/rblog//')
 3 SYSTEMPATH\CodeIgniter.php(934): App\Controllers\Blog->test()
 4 SYSTEMPATH\CodeIgniter.php(499): CodeIgniter\CodeIgniter->runController(Object(App\Controllers\Blog))
 5 SYSTEMPATH\CodeIgniter.php(368): CodeIgniter\CodeIgniter->handleRequest(null, Object(Config\Cache), false)
 6 FCPATH\index.php(67): CodeIgniter\CodeIgniter->run()
CRITICAL - 2023-04-11 10:50:48 --> Object of class BunnyCDNStorage could not be converted to string
in APPPATH\Controllers\Blog.php on line 85.
 1 SYSTEMPATH\CodeIgniter.php(934): App\Controllers\Blog->test()
 2 SYSTEMPATH\CodeIgniter.php(499): CodeIgniter\CodeIgniter->runController(Object(App\Controllers\Blog))
 3 SYSTEMPATH\CodeIgniter.php(368): CodeIgniter\CodeIgniter->handleRequest(null, Object(Config\Cache), false)
 4 FCPATH\index.php(67): CodeIgniter\CodeIgniter->run()
CRITICAL - 2023-04-11 10:51:16 --> Object of class BunnyCDNStorage could not be converted to string
in APPPATH\Controllers\Blog.php on line 85.
 1 SYSTEMPATH\CodeIgniter.php(934): App\Controllers\Blog->test()
 2 SYSTEMPATH\CodeIgniter.php(499): CodeIgniter\CodeIgniter->runController(Object(App\Controllers\Blog))
 3 SYSTEMPATH\CodeIgniter.php(368): CodeIgniter\CodeIgniter->handleRequest(null, Object(Config\Cache), false)
 4 FCPATH\index.php(67): CodeIgniter\CodeIgniter->run()
CRITICAL - 2023-04-11 10:52:29 --> syntax error, unexpected token ")"
in APPPATH\Controllers\Blog.php on line 86.
 1 SYSTEMPATH\Router\Router.php(507): CodeIgniter\Router\AutoRouter->getRoute('blog/test')
 2 SYSTEMPATH\Router\Router.php(206): CodeIgniter\Router\Router->autoRoute('blog/test')
 3 SYSTEMPATH\CodeIgniter.php(815): CodeIgniter\Router\Router->handle('blog/test')
 4 SYSTEMPATH\CodeIgniter.php(449): CodeIgniter\CodeIgniter->tryToRouteIt(Object(CodeIgniter\Router\RouteCollection))
 5 SYSTEMPATH\CodeIgniter.php(368): CodeIgniter\CodeIgniter->handleRequest(null, Object(Config\Cache), false)
 6 FCPATH\index.php(67): CodeIgniter\CodeIgniter->run()
CRITICAL - 2023-04-11 10:52:54 --> Path validation failed. File path must begin with //rblog//
in APPPATH\Libraries\bunny_api\BunnyCDNStorage.php on line 159.
 1 APPPATH\Libraries\bunny_api\BunnyCDNStorage.php(50): BunnyCDNStorage->normalizePath('/rblog/', true)
 2 APPPATH\Controllers\Blog.php(85): BunnyCDNStorage->getStorageObjects('/rblog/')
 3 SYSTEMPATH\CodeIgniter.php(934): App\Controllers\Blog->test()
 4 SYSTEMPATH\CodeIgniter.php(499): CodeIgniter\CodeIgniter->runController(Object(App\Controllers\Blog))
 5 SYSTEMPATH\CodeIgniter.php(368): CodeIgniter\CodeIgniter->handleRequest(null, Object(Config\Cache), false)
 6 FCPATH\index.php(67): CodeIgniter\CodeIgniter->run()
CRITICAL - 2023-04-11 10:53:16 --> An unknown error has occured during the request. Status code: 60
in APPPATH\Libraries\bunny_api\BunnyCDNStorage.php on line 133.
 1 APPPATH\Libraries\bunny_api\BunnyCDNStorage.php(51): BunnyCDNStorage->sendHttpRequest('rblog/')
 2 APPPATH\Controllers\Blog.php(85): BunnyCDNStorage->getStorageObjects('/rblog//')
 3 SYSTEMPATH\CodeIgniter.php(934): App\Controllers\Blog->test()
 4 SYSTEMPATH\CodeIgniter.php(499): CodeIgniter\CodeIgniter->runController(Object(App\Controllers\Blog))
 5 SYSTEMPATH\CodeIgniter.php(368): CodeIgniter\CodeIgniter->handleRequest(null, Object(Config\Cache), false)
 6 FCPATH\index.php(67): CodeIgniter\CodeIgniter->run()
CRITICAL - 2023-04-11 10:54:25 --> Path validation failed. File path must begin with //rblog//
in APPPATH\Libraries\bunny_api\BunnyCDNStorage.php on line 159.
 1 APPPATH\Libraries\bunny_api\BunnyCDNStorage.php(50): BunnyCDNStorage->normalizePath('/rblog/\\', true)
 2 APPPATH\Controllers\Blog.php(85): BunnyCDNStorage->getStorageObjects('/rblog/\\')
 3 SYSTEMPATH\CodeIgniter.php(934): App\Controllers\Blog->test()
 4 SYSTEMPATH\CodeIgniter.php(499): CodeIgniter\CodeIgniter->runController(Object(App\Controllers\Blog))
 5 SYSTEMPATH\CodeIgniter.php(368): CodeIgniter\CodeIgniter->handleRequest(null, Object(Config\Cache), false)
 6 FCPATH\index.php(67): CodeIgniter\CodeIgniter->run()
CRITICAL - 2023-04-11 10:54:44 --> Path validation failed. File path must begin with //rblog//
in APPPATH\Libraries\bunny_api\BunnyCDNStorage.php on line 159.
 1 APPPATH\Libraries\bunny_api\BunnyCDNStorage.php(50): BunnyCDNStorage->normalizePath('/rblog/', true)
 2 APPPATH\Controllers\Blog.php(85): BunnyCDNStorage->getStorageObjects('/rblog/')
 3 SYSTEMPATH\CodeIgniter.php(934): App\Controllers\Blog->test()
 4 SYSTEMPATH\CodeIgniter.php(499): CodeIgniter\CodeIgniter->runController(Object(App\Controllers\Blog))
 5 SYSTEMPATH\CodeIgniter.php(368): CodeIgniter\CodeIgniter->handleRequest(null, Object(Config\Cache), false)
 6 FCPATH\index.php(67): CodeIgniter\CodeIgniter->run()
CRITICAL - 2023-04-11 10:56:20 --> An unknown error has occured during the request. Status code: 60
in APPPATH\Libraries\bunny_api\BunnyCDNStorage.php on line 133.
 1 APPPATH\Libraries\bunny_api\BunnyCDNStorage.php(51): BunnyCDNStorage->sendHttpRequest('rblog/')
 2 APPPATH\Controllers\Blog.php(87): BunnyCDNStorage->getStorageObjects('/rblog//')
 3 SYSTEMPATH\CodeIgniter.php(934): App\Controllers\Blog->test()
 4 SYSTEMPATH\CodeIgniter.php(499): CodeIgniter\CodeIgniter->runController(Object(App\Controllers\Blog))
 5 SYSTEMPATH\CodeIgniter.php(368): CodeIgniter\CodeIgniter->handleRequest(null, Object(Config\Cache), false)
 6 FCPATH\index.php(67): CodeIgniter\CodeIgniter->run()
CRITICAL - 2023-04-11 10:57:24 --> An unknown error has occured during the request. Status code: 60
in APPPATH\Libraries\bunny_api\BunnyCDNStorage.php on line 133.
 1 APPPATH\Libraries\bunny_api\BunnyCDNStorage.php(51): BunnyCDNStorage->sendHttpRequest('tstz/')
 2 APPPATH\Controllers\Blog.php(87): BunnyCDNStorage->getStorageObjects('/tstz//')
 3 SYSTEMPATH\CodeIgniter.php(934): App\Controllers\Blog->test()
 4 SYSTEMPATH\CodeIgniter.php(499): CodeIgniter\CodeIgniter->runController(Object(App\Controllers\Blog))
 5 SYSTEMPATH\CodeIgniter.php(368): CodeIgniter\CodeIgniter->handleRequest(null, Object(Config\Cache), false)
 6 FCPATH\index.php(67): CodeIgniter\CodeIgniter->run()
CRITICAL - 2023-04-11 10:57:25 --> An unknown error has occured during the request. Status code: 60
in APPPATH\Libraries\bunny_api\BunnyCDNStorage.php on line 133.
 1 APPPATH\Libraries\bunny_api\BunnyCDNStorage.php(51): BunnyCDNStorage->sendHttpRequest('tstz/')
 2 APPPATH\Controllers\Blog.php(87): BunnyCDNStorage->getStorageObjects('/tstz//')
 3 SYSTEMPATH\CodeIgniter.php(934): App\Controllers\Blog->test()
 4 SYSTEMPATH\CodeIgniter.php(499): CodeIgniter\CodeIgniter->runController(Object(App\Controllers\Blog))
 5 SYSTEMPATH\CodeIgniter.php(368): CodeIgniter\CodeIgniter->handleRequest(null, Object(Config\Cache), false)
 6 FCPATH\index.php(67): CodeIgniter\CodeIgniter->run()
CRITICAL - 2023-04-11 10:57:26 --> An unknown error has occured during the request. Status code: 60
in APPPATH\Libraries\bunny_api\BunnyCDNStorage.php on line 133.
 1 APPPATH\Libraries\bunny_api\BunnyCDNStorage.php(51): BunnyCDNStorage->sendHttpRequest('tstz/')
 2 APPPATH\Controllers\Blog.php(87): BunnyCDNStorage->getStorageObjects('/tstz//')
 3 SYSTEMPATH\CodeIgniter.php(934): App\Controllers\Blog->test()
 4 SYSTEMPATH\CodeIgniter.php(499): CodeIgniter\CodeIgniter->runController(Object(App\Controllers\Blog))
 5 SYSTEMPATH\CodeIgniter.php(368): CodeIgniter\CodeIgniter->handleRequest(null, Object(Config\Cache), false)
 6 FCPATH\index.php(67): CodeIgniter\CodeIgniter->run()
CRITICAL - 2023-04-11 11:03:25 --> An unknown error has occured during the request. Status code: 60
in APPPATH\Libraries\bunny_api\BunnyCDNStorage.php on line 133.
 1 APPPATH\Libraries\bunny_api\BunnyCDNStorage.php(51): BunnyCDNStorage->sendHttpRequest('tstz/')
 2 APPPATH\Controllers\Blog.php(87): BunnyCDNStorage->getStorageObjects('/tstz//')
 3 SYSTEMPATH\CodeIgniter.php(934): App\Controllers\Blog->test()
 4 SYSTEMPATH\CodeIgniter.php(499): CodeIgniter\CodeIgniter->runController(Object(App\Controllers\Blog))
 5 SYSTEMPATH\CodeIgniter.php(368): CodeIgniter\CodeIgniter->handleRequest(null, Object(Config\Cache), false)
 6 FCPATH\index.php(67): CodeIgniter\CodeIgniter->run()
CRITICAL - 2023-04-11 11:03:30 --> An unknown error has occured during the request. Status code: 60
in APPPATH\Libraries\bunny_api\BunnyCDNStorage.php on line 133.
 1 APPPATH\Libraries\bunny_api\BunnyCDNStorage.php(51): BunnyCDNStorage->sendHttpRequest('tstz/')
 2 APPPATH\Controllers\Blog.php(87): BunnyCDNStorage->getStorageObjects('/tstz//')
 3 SYSTEMPATH\CodeIgniter.php(934): App\Controllers\Blog->test()
 4 SYSTEMPATH\CodeIgniter.php(499): CodeIgniter\CodeIgniter->runController(Object(App\Controllers\Blog))
 5 SYSTEMPATH\CodeIgniter.php(368): CodeIgniter\CodeIgniter->handleRequest(null, Object(Config\Cache), false)
 6 FCPATH\index.php(67): CodeIgniter\CodeIgniter->run()
CRITICAL - 2023-04-11 11:03:46 --> Object of class CurlHandle could not be converted to string
in APPPATH\Libraries\bunny_api\BunnyCDNStorage.php on line 133.
 1 APPPATH\Libraries\bunny_api\BunnyCDNStorage.php(51): BunnyCDNStorage->sendHttpRequest('tstz/')
 2 APPPATH\Controllers\Blog.php(87): BunnyCDNStorage->getStorageObjects('/tstz//')
 3 SYSTEMPATH\CodeIgniter.php(934): App\Controllers\Blog->test()
 4 SYSTEMPATH\CodeIgniter.php(499): CodeIgniter\CodeIgniter->runController(Object(App\Controllers\Blog))
 5 SYSTEMPATH\CodeIgniter.php(368): CodeIgniter\CodeIgniter->handleRequest(null, Object(Config\Cache), false)
 6 FCPATH\index.php(67): CodeIgniter\CodeIgniter->run()
CRITICAL - 2023-04-11 11:04:20 --> An unknown error has occured during the request. Status code: 60
in APPPATH\Libraries\bunny_api\BunnyCDNStorage.php on line 134.
 1 APPPATH\Libraries\bunny_api\BunnyCDNStorage.php(51): BunnyCDNStorage->sendHttpRequest('tstz/')
 2 APPPATH\Controllers\Blog.php(87): BunnyCDNStorage->getStorageObjects('/tstz//')
 3 SYSTEMPATH\CodeIgniter.php(934): App\Controllers\Blog->test()
 4 SYSTEMPATH\CodeIgniter.php(499): CodeIgniter\CodeIgniter->runController(Object(App\Controllers\Blog))
 5 SYSTEMPATH\CodeIgniter.php(368): CodeIgniter\CodeIgniter->handleRequest(null, Object(Config\Cache), false)
 6 FCPATH\index.php(67): CodeIgniter\CodeIgniter->run()
CRITICAL - 2023-04-11 11:04:58 --> An unknown error has occured during the request. Status code: 60
in APPPATH\Libraries\bunny_api\BunnyCDNStorage.php on line 134.
 1 APPPATH\Libraries\bunny_api\BunnyCDNStorage.php(51): BunnyCDNStorage->sendHttpRequest('tstz/')
 2 APPPATH\Controllers\Blog.php(87): BunnyCDNStorage->getStorageObjects('/tstz//')
 3 SYSTEMPATH\CodeIgniter.php(934): App\Controllers\Blog->test()
 4 SYSTEMPATH\CodeIgniter.php(499): CodeIgniter\CodeIgniter->runController(Object(App\Controllers\Blog))
 5 SYSTEMPATH\CodeIgniter.php(368): CodeIgniter\CodeIgniter->handleRequest(null, Object(Config\Cache), false)
 6 FCPATH\index.php(67): CodeIgniter\CodeIgniter->run()
CRITICAL - 2023-04-11 11:06:19 --> An unknown error has occured during the request. Status code: 60
in APPPATH\Libraries\bunny_api\BunnyCDNStorage.php on line 134.
 1 APPPATH\Libraries\bunny_api\BunnyCDNStorage.php(51): BunnyCDNStorage->sendHttpRequest('tstz/')
 2 APPPATH\Controllers\Blog.php(87): BunnyCDNStorage->getStorageObjects('/tstz//')
 3 SYSTEMPATH\CodeIgniter.php(934): App\Controllers\Blog->test()
 4 SYSTEMPATH\CodeIgniter.php(499): CodeIgniter\CodeIgniter->runController(Object(App\Controllers\Blog))
 5 SYSTEMPATH\CodeIgniter.php(368): CodeIgniter\CodeIgniter->handleRequest(null, Object(Config\Cache), false)
 6 FCPATH\index.php(67): CodeIgniter\CodeIgniter->run()
CRITICAL - 2023-04-11 11:08:32 --> An unknown error has occured during the request. Status code: 60
in APPPATH\Libraries\bunny_api\BunnyCDNStorage.php on line 133.
 1 APPPATH\Libraries\bunny_api\BunnyCDNStorage.php(51): BunnyCDNStorage->sendHttpRequest('tstz/')
 2 APPPATH\Controllers\Blog.php(87): BunnyCDNStorage->getStorageObjects('/tstz//')
 3 SYSTEMPATH\CodeIgniter.php(934): App\Controllers\Blog->test()
 4 SYSTEMPATH\CodeIgniter.php(499): CodeIgniter\CodeIgniter->runController(Object(App\Controllers\Blog))
 5 SYSTEMPATH\CodeIgniter.php(368): CodeIgniter\CodeIgniter->handleRequest(null, Object(Config\Cache), false)
 6 FCPATH\index.php(67): CodeIgniter\CodeIgniter->run()
CRITICAL - 2023-04-11 11:09:48 --> Call to a member function getStorageObjects() on string
in APPPATH\Controllers\Blog.php on line 87.
 1 SYSTEMPATH\CodeIgniter.php(934): App\Controllers\Blog->test()
 2 SYSTEMPATH\CodeIgniter.php(499): CodeIgniter\CodeIgniter->runController(Object(App\Controllers\Blog))
 3 SYSTEMPATH\CodeIgniter.php(368): CodeIgniter\CodeIgniter->handleRequest(null, Object(Config\Cache), false)
 4 FCPATH\index.php(67): CodeIgniter\CodeIgniter->run()
CRITICAL - 2023-04-11 12:20:31 --> dir(C:\wamp64\www\webadmin\/README.md): The directory name is inval (code: 267)
in APPPATH\Libraries\phpftp\nicolab\php-ftp-client\src\FtpClient\FtpClient.php on line 645.
 1 [internal function]: CodeIgniter\Debug\Exceptions->errorHandler(2, 'dir(C:\\wamp64\\www\\webadmin\\/README.md): The directory name is inval (code: 267)', 'APPPATH\\Libraries\\phpftp\\nicolab\\php-ftp-client\\src\\FtpClient\\FtpClient.php', 645)
 2 APPPATH\Libraries\phpftp\nicolab\php-ftp-client\src\FtpClient\FtpClient.php(645): dir('FCPATH\\README.md')
 3 APPPATH\Controllers\Blog.php(88): FtpClient\FtpClient->putAll('FCPATH\\README.md', '/rblog//')
 4 SYSTEMPATH\CodeIgniter.php(934): App\Controllers\Blog->test()
 5 SYSTEMPATH\CodeIgniter.php(499): CodeIgniter\CodeIgniter->runController(Object(App\Controllers\Blog))
 6 SYSTEMPATH\CodeIgniter.php(368): CodeIgniter\CodeIgniter->handleRequest(null, Object(Config\Cache), false)
 7 FCPATH\index.php(67): CodeIgniter\CodeIgniter->run()
CRITICAL - 2023-04-11 12:22:01 --> dir(C:\wamp64\www\webadmin\/truck/): The system cannot find the file specifi (code: 2)
in APPPATH\Libraries\phpftp\nicolab\php-ftp-client\src\FtpClient\FtpClient.php on line 645.
 1 [internal function]: CodeIgniter\Debug\Exceptions->errorHandler(2, 'dir(C:\\wamp64\\www\\webadmin\\/truck/): The system cannot find the file specifi (code: 2)', 'APPPATH\\Libraries\\phpftp\\nicolab\\php-ftp-client\\src\\FtpClient\\FtpClient.php', 645)
 2 APPPATH\Libraries\phpftp\nicolab\php-ftp-client\src\FtpClient\FtpClient.php(645): dir('FCPATH\\/truck/')
 3 APPPATH\Controllers\Blog.php(88): FtpClient\FtpClient->putAll('FCPATH\\/truck/', '/rblog//')
 4 SYSTEMPATH\CodeIgniter.php(934): App\Controllers\Blog->test()
 5 SYSTEMPATH\CodeIgniter.php(499): CodeIgniter\CodeIgniter->runController(Object(App\Controllers\Blog))
 6 SYSTEMPATH\CodeIgniter.php(368): CodeIgniter\CodeIgniter->handleRequest(null, Object(Config\Cache), false)
 7 FCPATH\index.php(67): CodeIgniter\CodeIgniter->run()
CRITICAL - 2023-04-11 12:22:27 --> dir(C:\wamp64\www\webadmin\truck/): The system cannot find the file specifi (code: 2)
in APPPATH\Libraries\phpftp\nicolab\php-ftp-client\src\FtpClient\FtpClient.php on line 645.
 1 [internal function]: CodeIgniter\Debug\Exceptions->errorHandler(2, 'dir(C:\\wamp64\\www\\webadmin\\truck/): The system cannot find the file specifi (code: 2)', 'APPPATH\\Libraries\\phpftp\\nicolab\\php-ftp-client\\src\\FtpClient\\FtpClient.php', 645)
 2 APPPATH\Libraries\phpftp\nicolab\php-ftp-client\src\FtpClient\FtpClient.php(645): dir('FCPATH\\truck/')
 3 APPPATH\Controllers\Blog.php(88): FtpClient\FtpClient->putAll('FCPATH\\truck/', '/rblog//')
 4 SYSTEMPATH\CodeIgniter.php(934): App\Controllers\Blog->test()
 5 SYSTEMPATH\CodeIgniter.php(499): CodeIgniter\CodeIgniter->runController(Object(App\Controllers\Blog))
 6 SYSTEMPATH\CodeIgniter.php(368): CodeIgniter\CodeIgniter->handleRequest(null, Object(Config\Cache), false)
 7 FCPATH\index.php(67): CodeIgniter\CodeIgniter->run()
CRITICAL - 2023-04-11 12:22:38 --> dir(C:\wamp64\www\webadmin\truck): The system cannot find the file specifi (code: 2)
in APPPATH\Libraries\phpftp\nicolab\php-ftp-client\src\FtpClient\FtpClient.php on line 645.
 1 [internal function]: CodeIgniter\Debug\Exceptions->errorHandler(2, 'dir(C:\\wamp64\\www\\webadmin\\truck): The system cannot find the file specifi (code: 2)', 'APPPATH\\Libraries\\phpftp\\nicolab\\php-ftp-client\\src\\FtpClient\\FtpClient.php', 645)
 2 APPPATH\Libraries\phpftp\nicolab\php-ftp-client\src\FtpClient\FtpClient.php(645): dir('FCPATH\\truck')
 3 APPPATH\Controllers\Blog.php(88): FtpClient\FtpClient->putAll('FCPATH\\truck', '/rblog//')
 4 SYSTEMPATH\CodeIgniter.php(934): App\Controllers\Blog->test()
 5 SYSTEMPATH\CodeIgniter.php(499): CodeIgniter\CodeIgniter->runController(Object(App\Controllers\Blog))
 6 SYSTEMPATH\CodeIgniter.php(368): CodeIgniter\CodeIgniter->handleRequest(null, Object(Config\Cache), false)
 7 FCPATH\index.php(67): CodeIgniter\CodeIgniter->run()
CRITICAL - 2023-04-11 12:23:16 --> dir(C:\wamp64\www\webadmin\truck): The system cannot find the file specifi (code: 2)
in APPPATH\Libraries\phpftp\nicolab\php-ftp-client\src\FtpClient\FtpClient.php on line 645.
 1 [internal function]: CodeIgniter\Debug\Exceptions->errorHandler(2, 'dir(C:\\wamp64\\www\\webadmin\\truck): The system cannot find the file specifi (code: 2)', 'APPPATH\\Libraries\\phpftp\\nicolab\\php-ftp-client\\src\\FtpClient\\FtpClient.php', 645)
 2 APPPATH\Libraries\phpftp\nicolab\php-ftp-client\src\FtpClient\FtpClient.php(645): dir('FCPATH\\truck')
 3 APPPATH\Controllers\Blog.php(88): FtpClient\FtpClient->putAll('FCPATH\\truck', '/rblog/')
 4 SYSTEMPATH\CodeIgniter.php(934): App\Controllers\Blog->test()
 5 SYSTEMPATH\CodeIgniter.php(499): CodeIgniter\CodeIgniter->runController(Object(App\Controllers\Blog))
 6 SYSTEMPATH\CodeIgniter.php(368): CodeIgniter\CodeIgniter->handleRequest(null, Object(Config\Cache), false)
 7 FCPATH\index.php(67): CodeIgniter\CodeIgniter->run()
CRITICAL - 2023-04-11 12:25:13 --> ftp_countItems is not a valid FTP function
in APPPATH\Libraries\phpftp\nicolab\php-ftp-client\src\FtpClient\FtpWrapper.php on line 89.
 1 APPPATH\Libraries\phpftp\nicolab\php-ftp-client\src\FtpClient\FtpClient.php(108): FtpClient\FtpWrapper->__call('ftp_countItems', [])
 2 APPPATH\Controllers\Blog.php(89): FtpClient\FtpClient->__call('countItems', [])
 3 SYSTEMPATH\CodeIgniter.php(934): App\Controllers\Blog->test()
 4 SYSTEMPATH\CodeIgniter.php(499): CodeIgniter\CodeIgniter->runController(Object(App\Controllers\Blog))
 5 SYSTEMPATH\CodeIgniter.php(368): CodeIgniter\CodeIgniter->handleRequest(null, Object(Config\Cache), false)
 6 FCPATH\index.php(67): CodeIgniter\CodeIgniter->run()
CRITICAL - 2023-04-11 12:25:42 --> "." is not a directory.
in APPPATH\Libraries\phpftp\nicolab\php-ftp-client\src\FtpClient\FtpClient.php on line 734.
 1 APPPATH\Controllers\Blog.php(89): FtpClient\FtpClient->rawlist()
 2 SYSTEMPATH\CodeIgniter.php(934): App\Controllers\Blog->test()
 3 SYSTEMPATH\CodeIgniter.php(499): CodeIgniter\CodeIgniter->runController(Object(App\Controllers\Blog))
 4 SYSTEMPATH\CodeIgniter.php(368): CodeIgniter\CodeIgniter->handleRequest(null, Object(Config\Cache), false)
 5 FCPATH\index.php(67): CodeIgniter\CodeIgniter->run()
CRITICAL - 2023-04-11 12:31:20 --> "." is not a directory.
in APPPATH\Libraries\phpftp\nicolab\php-ftp-client\src\FtpClient\FtpClient.php on line 734.
 1 APPPATH\Libraries\phpftp\nicolab\php-ftp-client\src\FtpClient\FtpClient.php(526): FtpClient\FtpClient->rawlist('C:\\wamp64\\www\\webadmin', false)
 2 APPPATH\Controllers\Blog.php(90): FtpClient\FtpClient->scanDir()
 3 SYSTEMPATH\CodeIgniter.php(934): App\Controllers\Blog->test()
 4 SYSTEMPATH\CodeIgniter.php(499): CodeIgniter\CodeIgniter->runController(Object(App\Controllers\Blog))
 5 SYSTEMPATH\CodeIgniter.php(368): CodeIgniter\CodeIgniter->handleRequest(null, Object(Config\Cache), false)
 6 FCPATH\index.php(67): CodeIgniter\CodeIgniter->run()
CRITICAL - 2023-04-11 12:39:52 --> syntax error, unexpected token "}"
in APPPATH\Controllers\Blog.php on line 99.
 1 SYSTEMPATH\Router\Router.php(507): CodeIgniter\Router\AutoRouter->getRoute('blog/test')
 2 SYSTEMPATH\Router\Router.php(206): CodeIgniter\Router\Router->autoRoute('blog/test')
 3 SYSTEMPATH\CodeIgniter.php(815): CodeIgniter\Router\Router->handle('blog/test')
 4 SYSTEMPATH\CodeIgniter.php(449): CodeIgniter\CodeIgniter->tryToRouteIt(Object(CodeIgniter\Router\RouteCollection))
 5 SYSTEMPATH\CodeIgniter.php(368): CodeIgniter\CodeIgniter->handleRequest(null, Object(Config\Cache), false)
 6 FCPATH\index.php(67): CodeIgniter\CodeIgniter->run()
CRITICAL - 2023-04-11 12:40:09 --> Unable to put the remote file from the local file "C:\wamp64\www\webadmin\index.php"
in APPPATH\Libraries\phpftp\nicolab\php-ftp-client\src\FtpClient\FtpClient.php on line 630.
 1 APPPATH\Controllers\Blog.php(90): FtpClient\FtpClient->putFromPath('FCPATH\\index.php')
 2 SYSTEMPATH\CodeIgniter.php(934): App\Controllers\Blog->test()
 3 SYSTEMPATH\CodeIgniter.php(499): CodeIgniter\CodeIgniter->runController(Object(App\Controllers\Blog))
 4 SYSTEMPATH\CodeIgniter.php(368): CodeIgniter\CodeIgniter->handleRequest(null, Object(Config\Cache), false)
 5 FCPATH\index.php(67): CodeIgniter\CodeIgniter->run()
CRITICAL - 2023-04-11 12:41:28 --> fopen(C:\wamp64\www\webadmin\tests/unit/): Failed to open stream: No such file or directory
in APPPATH\Libraries\phpftp\nicolab\php-ftp-client\src\FtpClient\FtpClient.php on line 623.
 1 [internal function]: CodeIgniter\Debug\Exceptions->errorHandler(2, 'fopen(C:\\wamp64\\www\\webadmin\\tests/unit/): Failed to open stream: No such file or directory', 'APPPATH\\Libraries\\phpftp\\nicolab\\php-ftp-client\\src\\FtpClient\\FtpClient.php', 623)
 2 APPPATH\Libraries\phpftp\nicolab\php-ftp-client\src\FtpClient\FtpClient.php(623): fopen('FCPATH\\tests\\unit', 'r')
 3 APPPATH\Controllers\Blog.php(90): FtpClient\FtpClient->putFromPath('FCPATH\\tests\\unit')
 4 SYSTEMPATH\CodeIgniter.php(934): App\Controllers\Blog->test()
 5 SYSTEMPATH\CodeIgniter.php(499): CodeIgniter\CodeIgniter->runController(Object(App\Controllers\Blog))
 6 SYSTEMPATH\CodeIgniter.php(368): CodeIgniter\CodeIgniter->handleRequest(null, Object(Config\Cache), false)
 7 FCPATH\index.php(67): CodeIgniter\CodeIgniter->run()
CRITICAL - 2023-04-11 12:41:54 --> fopen(C:\wamp64\www\webadmin\tests\unit\): Failed to open stream: No such file or directory
in APPPATH\Libraries\phpftp\nicolab\php-ftp-client\src\FtpClient\FtpClient.php on line 623.
 1 [internal function]: CodeIgniter\Debug\Exceptions->errorHandler(2, 'fopen(C:\\wamp64\\www\\webadmin\\tests\\unit\\): Failed to open stream: No such file or directory', 'APPPATH\\Libraries\\phpftp\\nicolab\\php-ftp-client\\src\\FtpClient\\FtpClient.php', 623)
 2 APPPATH\Libraries\phpftp\nicolab\php-ftp-client\src\FtpClient\FtpClient.php(623): fopen('FCPATH\\tests\\unit', 'r')
 3 APPPATH\Controllers\Blog.php(90): FtpClient\FtpClient->putFromPath('FCPATH\\tests\\unit')
 4 SYSTEMPATH\CodeIgniter.php(934): App\Controllers\Blog->test()
 5 SYSTEMPATH\CodeIgniter.php(499): CodeIgniter\CodeIgniter->runController(Object(App\Controllers\Blog))
 6 SYSTEMPATH\CodeIgniter.php(368): CodeIgniter\CodeIgniter->handleRequest(null, Object(Config\Cache), false)
 7 FCPATH\index.php(67): CodeIgniter\CodeIgniter->run()
CRITICAL - 2023-04-11 12:45:03 --> fopen(C:\wamp64\www\webadmin\tests\unit\): Failed to open stream: No such file or directory
in APPPATH\Libraries\phpftp\nicolab\php-ftp-client\src\FtpClient\FtpClient.php on line 623.
 1 [internal function]: CodeIgniter\Debug\Exceptions->errorHandler(2, 'fopen(C:\\wamp64\\www\\webadmin\\tests\\unit\\): Failed to open stream: No such file or directory', 'APPPATH\\Libraries\\phpftp\\nicolab\\php-ftp-client\\src\\FtpClient\\FtpClient.php', 623)
 2 APPPATH\Libraries\phpftp\nicolab\php-ftp-client\src\FtpClient\FtpClient.php(623): fopen('FCPATH\\tests\\unit', 'r')
 3 APPPATH\Controllers\Blog.php(90): FtpClient\FtpClient->putFromPath('FCPATH\\tests\\unit')
 4 SYSTEMPATH\CodeIgniter.php(934): App\Controllers\Blog->test()
 5 SYSTEMPATH\CodeIgniter.php(499): CodeIgniter\CodeIgniter->runController(Object(App\Controllers\Blog))
 6 SYSTEMPATH\CodeIgniter.php(368): CodeIgniter\CodeIgniter->handleRequest(null, Object(Config\Cache), false)
 7 FCPATH\index.php(67): CodeIgniter\CodeIgniter->run()
CRITICAL - 2023-04-11 12:45:14 --> fopen(C:\wamp64\www\webadmin\): Failed to open stream: No such file or directory
in APPPATH\Libraries\phpftp\nicolab\php-ftp-client\src\FtpClient\FtpClient.php on line 623.
 1 [internal function]: CodeIgniter\Debug\Exceptions->errorHandler(2, 'fopen(C:\\wamp64\\www\\webadmin\\): Failed to open stream: No such file or directory', 'APPPATH\\Libraries\\phpftp\\nicolab\\php-ftp-client\\src\\FtpClient\\FtpClient.php', 623)
 2 APPPATH\Libraries\phpftp\nicolab\php-ftp-client\src\FtpClient\FtpClient.php(623): fopen('C:\\wamp64\\www\\webadmin', 'r')
 3 APPPATH\Controllers\Blog.php(90): FtpClient\FtpClient->putFromPath('C:\\wamp64\\www\\webadmin')
 4 SYSTEMPATH\CodeIgniter.php(934): App\Controllers\Blog->test()
 5 SYSTEMPATH\CodeIgniter.php(499): CodeIgniter\CodeIgniter->runController(Object(App\Controllers\Blog))
 6 SYSTEMPATH\CodeIgniter.php(368): CodeIgniter\CodeIgniter->handleRequest(null, Object(Config\Cache), false)
 7 FCPATH\index.php(67): CodeIgniter\CodeIgniter->run()
CRITICAL - 2023-04-11 12:46:17 --> fopen(C:\wamp64\www\webadmin\readme): Failed to open stream: No such file or directory
in APPPATH\Libraries\phpftp\nicolab\php-ftp-client\src\FtpClient\FtpClient.php on line 623.
 1 [internal function]: CodeIgniter\Debug\Exceptions->errorHandler(2, 'fopen(C:\\wamp64\\www\\webadmin\\readme): Failed to open stream: No such file or directory', 'APPPATH\\Libraries\\phpftp\\nicolab\\php-ftp-client\\src\\FtpClient\\FtpClient.php', 623)
 2 APPPATH\Libraries\phpftp\nicolab\php-ftp-client\src\FtpClient\FtpClient.php(623): fopen('FCPATH\\readme', 'r')
 3 APPPATH\Controllers\Blog.php(90): FtpClient\FtpClient->putFromPath('FCPATH\\readme')
 4 SYSTEMPATH\CodeIgniter.php(934): App\Controllers\Blog->test()
 5 SYSTEMPATH\CodeIgniter.php(499): CodeIgniter\CodeIgniter->runController(Object(App\Controllers\Blog))
 6 SYSTEMPATH\CodeIgniter.php(368): CodeIgniter\CodeIgniter->handleRequest(null, Object(Config\Cache), false)
 7 FCPATH\index.php(67): CodeIgniter\CodeIgniter->run()
CRITICAL - 2023-04-11 12:46:39 --> Unable to put the remote file from the local file "C:\wamp64\www\webadmin\spark"
in APPPATH\Libraries\phpftp\nicolab\php-ftp-client\src\FtpClient\FtpClient.php on line 630.
 1 APPPATH\Controllers\Blog.php(90): FtpClient\FtpClient->putFromPath('FCPATH\\spark')
 2 SYSTEMPATH\CodeIgniter.php(934): App\Controllers\Blog->test()
 3 SYSTEMPATH\CodeIgniter.php(499): CodeIgniter\CodeIgniter->runController(Object(App\Controllers\Blog))
 4 SYSTEMPATH\CodeIgniter.php(368): CodeIgniter\CodeIgniter->handleRequest(null, Object(Config\Cache), false)
 5 FCPATH\index.php(67): CodeIgniter\CodeIgniter->run()
CRITICAL - 2023-04-11 12:48:29 --> dir(C:\wamp64\www\webadmin\spark): The directory name is inval (code: 267)
in APPPATH\Libraries\phpftp\nicolab\php-ftp-client\src\FtpClient\FtpClient.php on line 645.
 1 [internal function]: CodeIgniter\Debug\Exceptions->errorHandler(2, 'dir(C:\\wamp64\\www\\webadmin\\spark): The directory name is inval (code: 267)', 'APPPATH\\Libraries\\phpftp\\nicolab\\php-ftp-client\\src\\FtpClient\\FtpClient.php', 645)
 2 APPPATH\Libraries\phpftp\nicolab\php-ftp-client\src\FtpClient\FtpClient.php(645): dir('FCPATH\\spark')
 3 APPPATH\Controllers\Blog.php(88): FtpClient\FtpClient->putAll('FCPATH\\spark', '/rblog//test')
 4 SYSTEMPATH\CodeIgniter.php(934): App\Controllers\Blog->test()
 5 SYSTEMPATH\CodeIgniter.php(499): CodeIgniter\CodeIgniter->runController(Object(App\Controllers\Blog))
 6 SYSTEMPATH\CodeIgniter.php(368): CodeIgniter\CodeIgniter->handleRequest(null, Object(Config\Cache), false)
 7 FCPATH\index.php(67): CodeIgniter\CodeIgniter->run()
CRITICAL - 2023-04-11 12:55:21 --> Undefined constant "App\Controllers\srvr"
in APPPATH\Controllers\BaseController.php on line 105.
 1 APPPATH\Controllers\Blog.php(85): App\Controllers\BaseController->ftp('/rblog/test/')
 2 SYSTEMPATH\CodeIgniter.php(934): App\Controllers\Blog->test()
 3 SYSTEMPATH\CodeIgniter.php(499): CodeIgniter\CodeIgniter->runController(Object(App\Controllers\Blog))
 4 SYSTEMPATH\CodeIgniter.php(368): CodeIgniter\CodeIgniter->handleRequest(null, Object(Config\Cache), false)
 5 FCPATH\index.php(67): CodeIgniter\CodeIgniter->run()
INFO - 2023-04-11 13:15:31 --> Session: Class initialized using 'CodeIgniter\Session\Handlers\FileHandler' driver.
INFO - 2023-04-11 13:15:32 --> Session: Class initialized using 'CodeIgniter\Session\Handlers\FileHandler' driver.
INFO - 2023-04-11 13:15:34 --> Session: Class initialized using 'CodeIgniter\Session\Handlers\FileHandler' driver.
INFO - 2023-04-11 13:15:34 --> Session: Class initialized using 'CodeIgniter\Session\Handlers\FileHandler' driver.
INFO - 2023-04-11 13:15:37 --> Session: Class initialized using 'CodeIgniter\Session\Handlers\FileHandler' driver.
INFO - 2023-04-11 13:15:37 --> Session: Class initialized using 'CodeIgniter\Session\Handlers\FileHandler' driver.
INFO - 2023-04-11 13:16:50 --> Session: Class initialized using 'CodeIgniter\Session\Handlers\FileHandler' driver.
INFO - 2023-04-11 13:16:51 --> Session: Class initialized using 'CodeIgniter\Session\Handlers\FileHandler' driver.
INFO - 2023-04-11 13:33:50 --> Session: Class initialized using 'CodeIgniter\Session\Handlers\FileHandler' driver.
INFO - 2023-04-11 13:33:51 --> Session: Class initialized using 'CodeIgniter\Session\Handlers\FileHandler' driver.
