INFO - 2023-04-26 05:08:53 --> Session: Class initialized using 'CodeIgniter\Session\Handlers\FileHandler' driver.
INFO - 2023-04-26 05:08:53 --> Session: Class initialized using 'CodeIgniter\Session\Handlers\FileHandler' driver.
INFO - 2023-04-26 05:09:09 --> Session: Class initialized using 'CodeIgniter\Session\Handlers\FileHandler' driver.
INFO - 2023-04-26 05:09:09 --> Session: Class initialized using 'CodeIgniter\Session\Handlers\FileHandler' driver.
INFO - 2023-04-26 05:47:30 --> Session: Class initialized using 'CodeIgniter\Session\Handlers\FileHandler' driver.
INFO - 2023-04-26 05:48:01 --> Session: Class initialized using 'CodeIgniter\Session\Handlers\FileHandler' driver.
INFO - 2023-04-26 05:48:02 --> Session: Class initialized using 'CodeIgniter\Session\Handlers\FileHandler' driver.
CRITICAL - 2023-04-26 05:48:09 --> Undefined array key "sub_category"
in APPPATH\Controllers\Blog.php on line 179.
 1 APPPATH\Controllers\Blog.php(179): CodeIgniter\Debug\Exceptions->errorHandler(2, 'Undefined array key "sub_category"', 'APPPATH\\Controllers\\Blog.php', 179)
 2 SYSTEMPATH\CodeIgniter.php(934): App\Controllers\Blog->get_subcategory('fsdfasd')
 3 SYSTEMPATH\CodeIgniter.php(499): CodeIgniter\CodeIgniter->runController(Object(App\Controllers\Blog))
 4 SYSTEMPATH\CodeIgniter.php(368): CodeIgniter\CodeIgniter->handleRequest(null, Object(Config\Cache), false)
 5 FCPATH\index.php(67): CodeIgniter\CodeIgniter->run()
INFO - 2023-04-26 05:56:51 --> Session: Class initialized using 'CodeIgniter\Session\Handlers\FileHandler' driver.
CRITICAL - 2023-04-26 05:56:53 --> fopen(hot_topics2.jpg): Failed to open stream: No such file or directory
in APPPATH\Libraries\phpftp\nicolab\php-ftp-client\src\FtpClient\FtpClient.php on line 623.
 1 [internal function]: CodeIgniter\Debug\Exceptions->errorHandler(2, 'fopen(hot_topics2.jpg): Failed to open stream: No such file or directory', 'APPPATH\\Libraries\\phpftp\\nicolab\\php-ftp-client\\src\\FtpClient\\FtpClient.php', 623)
 2 APPPATH\Libraries\phpftp\nicolab\php-ftp-client\src\FtpClient\FtpClient.php(623): fopen('hot_topics2.jpg', 'r')
 3 APPPATH\Controllers\Blog.php(112): FtpClient\FtpClient->putFromPath('hot_topics2.jpg')
 4 SYSTEMPATH\CodeIgniter.php(934): App\Controllers\Blog->post_blog()
 5 SYSTEMPATH\CodeIgniter.php(499): CodeIgniter\CodeIgniter->runController(Object(App\Controllers\Blog))
 6 SYSTEMPATH\CodeIgniter.php(368): CodeIgniter\CodeIgniter->handleRequest(null, Object(Config\Cache), false)
 7 FCPATH\index.php(67): CodeIgniter\CodeIgniter->run()
INFO - 2023-04-26 05:56:55 --> Session: Class initialized using 'CodeIgniter\Session\Handlers\FileHandler' driver.
INFO - 2023-04-26 05:56:55 --> Session: Class initialized using 'CodeIgniter\Session\Handlers\FileHandler' driver.
INFO - 2023-04-26 05:57:02 --> Session: Class initialized using 'CodeIgniter\Session\Handlers\FileHandler' driver.
INFO - 2023-04-26 05:57:04 --> Session: Class initialized using 'CodeIgniter\Session\Handlers\FileHandler' driver.
INFO - 2023-04-26 05:57:04 --> Session: Class initialized using 'CodeIgniter\Session\Handlers\FileHandler' driver.
CRITICAL - 2023-04-26 05:58:06 --> Object of class MongoDB\Model\BSONArray could not be converted to string
in APPPATH\Controllers\Blog.php on line 185.
 1 SYSTEMPATH\CodeIgniter.php(934): App\Controllers\Blog->get_subcategory('77')
 2 SYSTEMPATH\CodeIgniter.php(499): CodeIgniter\CodeIgniter->runController(Object(App\Controllers\Blog))
 3 SYSTEMPATH\CodeIgniter.php(368): CodeIgniter\CodeIgniter->handleRequest(null, Object(Config\Cache), false)
 4 FCPATH\index.php(67): CodeIgniter\CodeIgniter->run()
INFO - 2023-04-26 05:58:18 --> Session: Class initialized using 'CodeIgniter\Session\Handlers\FileHandler' driver.
INFO - 2023-04-26 05:58:20 --> Session: Class initialized using 'CodeIgniter\Session\Handlers\FileHandler' driver.
INFO - 2023-04-26 05:58:20 --> Session: Class initialized using 'CodeIgniter\Session\Handlers\FileHandler' driver.
INFO - 2023-04-26 06:18:10 --> Session: Class initialized using 'CodeIgniter\Session\Handlers\FileHandler' driver.
INFO - 2023-04-26 06:18:11 --> Session: Class initialized using 'CodeIgniter\Session\Handlers\FileHandler' driver.
INFO - 2023-04-26 06:18:31 --> Session: Class initialized using 'CodeIgniter\Session\Handlers\FileHandler' driver.
CRITICAL - 2023-04-26 06:18:32 --> fopen(hot_topics2.jpg): Failed to open stream: No such file or directory
in APPPATH\Libraries\phpftp\nicolab\php-ftp-client\src\FtpClient\FtpClient.php on line 623.
 1 [internal function]: CodeIgniter\Debug\Exceptions->errorHandler(2, 'fopen(hot_topics2.jpg): Failed to open stream: No such file or directory', 'APPPATH\\Libraries\\phpftp\\nicolab\\php-ftp-client\\src\\FtpClient\\FtpClient.php', 623)
 2 APPPATH\Libraries\phpftp\nicolab\php-ftp-client\src\FtpClient\FtpClient.php(623): fopen('hot_topics2.jpg', 'r')
 3 APPPATH\Controllers\Blog.php(112): FtpClient\FtpClient->putFromPath('hot_topics2.jpg')
 4 SYSTEMPATH\CodeIgniter.php(934): App\Controllers\Blog->post_blog()
 5 SYSTEMPATH\CodeIgniter.php(499): CodeIgniter\CodeIgniter->runController(Object(App\Controllers\Blog))
 6 SYSTEMPATH\CodeIgniter.php(368): CodeIgniter\CodeIgniter->handleRequest(null, Object(Config\Cache), false)
 7 FCPATH\index.php(67): CodeIgniter\CodeIgniter->run()
INFO - 2023-04-26 06:58:58 --> Session: Class initialized using 'CodeIgniter\Session\Handlers\FileHandler' driver.
INFO - 2023-04-26 06:59:00 --> Session: Class initialized using 'CodeIgniter\Session\Handlers\FileHandler' driver.
INFO - 2023-04-26 06:59:28 --> Session: Class initialized using 'CodeIgniter\Session\Handlers\FileHandler' driver.
INFO - 2023-04-26 06:59:32 --> Session: Class initialized using 'CodeIgniter\Session\Handlers\FileHandler' driver.
INFO - 2023-04-26 06:59:32 --> Session: Class initialized using 'CodeIgniter\Session\Handlers\FileHandler' driver.
CRITICAL - 2023-04-26 06:59:56 --> Object of class MongoDB\Model\BSONArray could not be converted to string
in APPPATH\Controllers\Blog.php on line 185.
 1 SYSTEMPATH\CodeIgniter.php(934): App\Controllers\Blog->get_subcategory('77')
 2 SYSTEMPATH\CodeIgniter.php(499): CodeIgniter\CodeIgniter->runController(Object(App\Controllers\Blog))
 3 SYSTEMPATH\CodeIgniter.php(368): CodeIgniter\CodeIgniter->handleRequest(null, Object(Config\Cache), false)
 4 FCPATH\index.php(67): CodeIgniter\CodeIgniter->run()
INFO - 2023-04-26 07:00:20 --> Session: Class initialized using 'CodeIgniter\Session\Handlers\FileHandler' driver.
INFO - 2023-04-26 07:00:22 --> Session: Class initialized using 'CodeIgniter\Session\Handlers\FileHandler' driver.
INFO - 2023-04-26 07:00:23 --> Session: Class initialized using 'CodeIgniter\Session\Handlers\FileHandler' driver.
INFO - 2023-04-26 07:39:48 --> Session: Class initialized using 'CodeIgniter\Session\Handlers\FileHandler' driver.
INFO - 2023-04-26 07:39:49 --> Session: Class initialized using 'CodeIgniter\Session\Handlers\FileHandler' driver.
INFO - 2023-04-26 07:44:09 --> Session: Class initialized using 'CodeIgniter\Session\Handlers\FileHandler' driver.
CRITICAL - 2023-04-26 07:44:10 --> fopen(hot_topics2.jpg): Failed to open stream: No such file or directory
in APPPATH\Libraries\phpftp\nicolab\php-ftp-client\src\FtpClient\FtpClient.php on line 623.
 1 [internal function]: CodeIgniter\Debug\Exceptions->errorHandler(2, 'fopen(hot_topics2.jpg): Failed to open stream: No such file or directory', 'APPPATH\\Libraries\\phpftp\\nicolab\\php-ftp-client\\src\\FtpClient\\FtpClient.php', 623)
 2 APPPATH\Libraries\phpftp\nicolab\php-ftp-client\src\FtpClient\FtpClient.php(623): fopen('hot_topics2.jpg', 'r')
 3 APPPATH\Controllers\Blog.php(112): FtpClient\FtpClient->putFromPath('hot_topics2.jpg')
 4 SYSTEMPATH\CodeIgniter.php(934): App\Controllers\Blog->post_blog()
 5 SYSTEMPATH\CodeIgniter.php(499): CodeIgniter\CodeIgniter->runController(Object(App\Controllers\Blog))
 6 SYSTEMPATH\CodeIgniter.php(368): CodeIgniter\CodeIgniter->handleRequest(null, Object(Config\Cache), false)
 7 FCPATH\index.php(67): CodeIgniter\CodeIgniter->run()
INFO - 2023-04-26 07:47:04 --> Session: Class initialized using 'CodeIgniter\Session\Handlers\FileHandler' driver.
INFO - 2023-04-26 07:47:05 --> Session: Class initialized using 'CodeIgniter\Session\Handlers\FileHandler' driver.
INFO - 2023-04-26 07:47:07 --> Session: Class initialized using 'CodeIgniter\Session\Handlers\FileHandler' driver.
INFO - 2023-04-26 07:47:08 --> Session: Class initialized using 'CodeIgniter\Session\Handlers\FileHandler' driver.
INFO - 2023-04-26 07:47:29 --> Session: Class initialized using 'CodeIgniter\Session\Handlers\FileHandler' driver.
CRITICAL - 2023-04-26 07:47:30 --> fopen(hot_topics2.jpg): Failed to open stream: No such file or directory
in APPPATH\Libraries\phpftp\nicolab\php-ftp-client\src\FtpClient\FtpClient.php on line 623.
 1 [internal function]: CodeIgniter\Debug\Exceptions->errorHandler(2, 'fopen(hot_topics2.jpg): Failed to open stream: No such file or directory', 'APPPATH\\Libraries\\phpftp\\nicolab\\php-ftp-client\\src\\FtpClient\\FtpClient.php', 623)
 2 APPPATH\Libraries\phpftp\nicolab\php-ftp-client\src\FtpClient\FtpClient.php(623): fopen('hot_topics2.jpg', 'r')
 3 APPPATH\Controllers\Blog.php(112): FtpClient\FtpClient->putFromPath('hot_topics2.jpg')
 4 SYSTEMPATH\CodeIgniter.php(934): App\Controllers\Blog->post_blog()
 5 SYSTEMPATH\CodeIgniter.php(499): CodeIgniter\CodeIgniter->runController(Object(App\Controllers\Blog))
 6 SYSTEMPATH\CodeIgniter.php(368): CodeIgniter\CodeIgniter->handleRequest(null, Object(Config\Cache), false)
 7 FCPATH\index.php(67): CodeIgniter\CodeIgniter->run()
INFO - 2023-04-26 07:47:47 --> Session: Class initialized using 'CodeIgniter\Session\Handlers\FileHandler' driver.
INFO - 2023-04-26 07:47:48 --> Session: Class initialized using 'CodeIgniter\Session\Handlers\FileHandler' driver.
INFO - 2023-04-26 07:47:57 --> Session: Class initialized using 'CodeIgniter\Session\Handlers\FileHandler' driver.
INFO - 2023-04-26 07:48:00 --> Session: Class initialized using 'CodeIgniter\Session\Handlers\FileHandler' driver.
INFO - 2023-04-26 07:48:01 --> Session: Class initialized using 'CodeIgniter\Session\Handlers\FileHandler' driver.
INFO - 2023-04-26 07:49:33 --> Session: Class initialized using 'CodeIgniter\Session\Handlers\FileHandler' driver.
INFO - 2023-04-26 07:49:35 --> Session: Class initialized using 'CodeIgniter\Session\Handlers\FileHandler' driver.
INFO - 2023-04-26 07:49:53 --> Session: Class initialized using 'CodeIgniter\Session\Handlers\FileHandler' driver.
CRITICAL - 2023-04-26 07:49:55 --> fopen(hot_topics2.jpg): Failed to open stream: No such file or directory
in APPPATH\Libraries\phpftp\nicolab\php-ftp-client\src\FtpClient\FtpClient.php on line 623.
 1 [internal function]: CodeIgniter\Debug\Exceptions->errorHandler(2, 'fopen(hot_topics2.jpg): Failed to open stream: No such file or directory', 'APPPATH\\Libraries\\phpftp\\nicolab\\php-ftp-client\\src\\FtpClient\\FtpClient.php', 623)
 2 APPPATH\Libraries\phpftp\nicolab\php-ftp-client\src\FtpClient\FtpClient.php(623): fopen('hot_topics2.jpg', 'r')
 3 APPPATH\Controllers\Blog.php(112): FtpClient\FtpClient->putFromPath('hot_topics2.jpg')
 4 SYSTEMPATH\CodeIgniter.php(934): App\Controllers\Blog->post_blog()
 5 SYSTEMPATH\CodeIgniter.php(499): CodeIgniter\CodeIgniter->runController(Object(App\Controllers\Blog))
 6 SYSTEMPATH\CodeIgniter.php(368): CodeIgniter\CodeIgniter->handleRequest(null, Object(Config\Cache), false)
 7 FCPATH\index.php(67): CodeIgniter\CodeIgniter->run()
INFO - 2023-04-26 07:50:40 --> Session: Class initialized using 'CodeIgniter\Session\Handlers\FileHandler' driver.
CRITICAL - 2023-04-26 07:50:41 --> fopen(hot_topics2.jpg): Failed to open stream: No such file or directory
in APPPATH\Libraries\phpftp\nicolab\php-ftp-client\src\FtpClient\FtpClient.php on line 623.
 1 [internal function]: CodeIgniter\Debug\Exceptions->errorHandler(2, 'fopen(hot_topics2.jpg): Failed to open stream: No such file or directory', 'APPPATH\\Libraries\\phpftp\\nicolab\\php-ftp-client\\src\\FtpClient\\FtpClient.php', 623)
 2 APPPATH\Libraries\phpftp\nicolab\php-ftp-client\src\FtpClient\FtpClient.php(623): fopen('hot_topics2.jpg', 'r')
 3 APPPATH\Controllers\Blog.php(112): FtpClient\FtpClient->putFromPath('hot_topics2.jpg')
 4 SYSTEMPATH\CodeIgniter.php(934): App\Controllers\Blog->post_blog()
 5 SYSTEMPATH\CodeIgniter.php(499): CodeIgniter\CodeIgniter->runController(Object(App\Controllers\Blog))
 6 SYSTEMPATH\CodeIgniter.php(368): CodeIgniter\CodeIgniter->handleRequest(null, Object(Config\Cache), false)
 7 FCPATH\index.php(67): CodeIgniter\CodeIgniter->run()
INFO - 2023-04-26 07:52:13 --> Session: Class initialized using 'CodeIgniter\Session\Handlers\FileHandler' driver.
INFO - 2023-04-26 07:52:15 --> Session: Class initialized using 'CodeIgniter\Session\Handlers\FileHandler' driver.
INFO - 2023-04-26 07:54:00 --> Session: Class initialized using 'CodeIgniter\Session\Handlers\FileHandler' driver.
CRITICAL - 2023-04-26 07:54:02 --> fopen(hot_topics2.jpg): Failed to open stream: No such file or directory
in APPPATH\Libraries\phpftp\nicolab\php-ftp-client\src\FtpClient\FtpClient.php on line 623.
 1 [internal function]: CodeIgniter\Debug\Exceptions->errorHandler(2, 'fopen(hot_topics2.jpg): Failed to open stream: No such file or directory', 'APPPATH\\Libraries\\phpftp\\nicolab\\php-ftp-client\\src\\FtpClient\\FtpClient.php', 623)
 2 APPPATH\Libraries\phpftp\nicolab\php-ftp-client\src\FtpClient\FtpClient.php(623): fopen('hot_topics2.jpg', 'r')
 3 APPPATH\Controllers\Blog.php(112): FtpClient\FtpClient->putFromPath('hot_topics2.jpg')
 4 SYSTEMPATH\CodeIgniter.php(934): App\Controllers\Blog->post_blog()
 5 SYSTEMPATH\CodeIgniter.php(499): CodeIgniter\CodeIgniter->runController(Object(App\Controllers\Blog))
 6 SYSTEMPATH\CodeIgniter.php(368): CodeIgniter\CodeIgniter->handleRequest(null, Object(Config\Cache), false)
 7 FCPATH\index.php(67): CodeIgniter\CodeIgniter->run()
INFO - 2023-04-26 07:54:56 --> Session: Class initialized using 'CodeIgniter\Session\Handlers\FileHandler' driver.
INFO - 2023-04-26 07:54:57 --> Session: Class initialized using 'CodeIgniter\Session\Handlers\FileHandler' driver.
INFO - 2023-04-26 07:55:02 --> Session: Class initialized using 'CodeIgniter\Session\Handlers\FileHandler' driver.
CRITICAL - 2023-04-26 07:55:03 --> fopen(hot_topics2.jpg): Failed to open stream: No such file or directory
in APPPATH\Libraries\phpftp\nicolab\php-ftp-client\src\FtpClient\FtpClient.php on line 623.
 1 [internal function]: CodeIgniter\Debug\Exceptions->errorHandler(2, 'fopen(hot_topics2.jpg): Failed to open stream: No such file or directory', 'APPPATH\\Libraries\\phpftp\\nicolab\\php-ftp-client\\src\\FtpClient\\FtpClient.php', 623)
 2 APPPATH\Libraries\phpftp\nicolab\php-ftp-client\src\FtpClient\FtpClient.php(623): fopen('hot_topics2.jpg', 'r')
 3 APPPATH\Controllers\Blog.php(112): FtpClient\FtpClient->putFromPath('hot_topics2.jpg')
 4 SYSTEMPATH\CodeIgniter.php(934): App\Controllers\Blog->post_blog()
 5 SYSTEMPATH\CodeIgniter.php(499): CodeIgniter\CodeIgniter->runController(Object(App\Controllers\Blog))
 6 SYSTEMPATH\CodeIgniter.php(368): CodeIgniter\CodeIgniter->handleRequest(null, Object(Config\Cache), false)
 7 FCPATH\index.php(67): CodeIgniter\CodeIgniter->run()
INFO - 2023-04-26 07:55:05 --> Session: Class initialized using 'CodeIgniter\Session\Handlers\FileHandler' driver.
INFO - 2023-04-26 07:55:06 --> Session: Class initialized using 'CodeIgniter\Session\Handlers\FileHandler' driver.
INFO - 2023-04-26 07:55:08 --> Session: Class initialized using 'CodeIgniter\Session\Handlers\FileHandler' driver.
INFO - 2023-04-26 07:55:09 --> Session: Class initialized using 'CodeIgniter\Session\Handlers\FileHandler' driver.
INFO - 2023-04-26 07:55:23 --> Session: Class initialized using 'CodeIgniter\Session\Handlers\FileHandler' driver.
CRITICAL - 2023-04-26 07:55:25 --> fopen(hot_topics2.jpg): Failed to open stream: No such file or directory
in APPPATH\Libraries\phpftp\nicolab\php-ftp-client\src\FtpClient\FtpClient.php on line 623.
 1 [internal function]: CodeIgniter\Debug\Exceptions->errorHandler(2, 'fopen(hot_topics2.jpg): Failed to open stream: No such file or directory', 'APPPATH\\Libraries\\phpftp\\nicolab\\php-ftp-client\\src\\FtpClient\\FtpClient.php', 623)
 2 APPPATH\Libraries\phpftp\nicolab\php-ftp-client\src\FtpClient\FtpClient.php(623): fopen('hot_topics2.jpg', 'r')
 3 APPPATH\Controllers\Blog.php(112): FtpClient\FtpClient->putFromPath('hot_topics2.jpg')
 4 SYSTEMPATH\CodeIgniter.php(934): App\Controllers\Blog->post_blog()
 5 SYSTEMPATH\CodeIgniter.php(499): CodeIgniter\CodeIgniter->runController(Object(App\Controllers\Blog))
 6 SYSTEMPATH\CodeIgniter.php(368): CodeIgniter\CodeIgniter->handleRequest(null, Object(Config\Cache), false)
 7 FCPATH\index.php(67): CodeIgniter\CodeIgniter->run()
INFO - 2023-04-26 08:00:33 --> Session: Class initialized using 'CodeIgniter\Session\Handlers\FileHandler' driver.
INFO - 2023-04-26 08:00:35 --> Session: Class initialized using 'CodeIgniter\Session\Handlers\FileHandler' driver.
INFO - 2023-04-26 08:00:42 --> Session: Class initialized using 'CodeIgniter\Session\Handlers\FileHandler' driver.
CRITICAL - 2023-04-26 08:00:43 --> fopen(hot_topics2.jpg): Failed to open stream: No such file or directory
in APPPATH\Libraries\phpftp\nicolab\php-ftp-client\src\FtpClient\FtpClient.php on line 623.
 1 [internal function]: CodeIgniter\Debug\Exceptions->errorHandler(2, 'fopen(hot_topics2.jpg): Failed to open stream: No such file or directory', 'APPPATH\\Libraries\\phpftp\\nicolab\\php-ftp-client\\src\\FtpClient\\FtpClient.php', 623)
 2 APPPATH\Libraries\phpftp\nicolab\php-ftp-client\src\FtpClient\FtpClient.php(623): fopen('hot_topics2.jpg', 'r')
 3 APPPATH\Controllers\Blog.php(112): FtpClient\FtpClient->putFromPath('hot_topics2.jpg')
 4 SYSTEMPATH\CodeIgniter.php(934): App\Controllers\Blog->post_blog()
 5 SYSTEMPATH\CodeIgniter.php(499): CodeIgniter\CodeIgniter->runController(Object(App\Controllers\Blog))
 6 SYSTEMPATH\CodeIgniter.php(368): CodeIgniter\CodeIgniter->handleRequest(null, Object(Config\Cache), false)
 7 FCPATH\index.php(67): CodeIgniter\CodeIgniter->run()
INFO - 2023-04-26 08:01:38 --> Session: Class initialized using 'CodeIgniter\Session\Handlers\FileHandler' driver.
INFO - 2023-04-26 08:01:38 --> Session: Class initialized using 'CodeIgniter\Session\Handlers\FileHandler' driver.
INFO - 2023-04-26 08:01:52 --> Session: Class initialized using 'CodeIgniter\Session\Handlers\FileHandler' driver.
CRITICAL - 2023-04-26 08:01:54 --> fopen(hot_topics2.jpg): Failed to open stream: No such file or directory
in APPPATH\Libraries\phpftp\nicolab\php-ftp-client\src\FtpClient\FtpClient.php on line 623.
 1 [internal function]: CodeIgniter\Debug\Exceptions->errorHandler(2, 'fopen(hot_topics2.jpg): Failed to open stream: No such file or directory', 'APPPATH\\Libraries\\phpftp\\nicolab\\php-ftp-client\\src\\FtpClient\\FtpClient.php', 623)
 2 APPPATH\Libraries\phpftp\nicolab\php-ftp-client\src\FtpClient\FtpClient.php(623): fopen('hot_topics2.jpg', 'r')
 3 APPPATH\Controllers\Blog.php(112): FtpClient\FtpClient->putFromPath('hot_topics2.jpg')
 4 SYSTEMPATH\CodeIgniter.php(934): App\Controllers\Blog->post_blog()
 5 SYSTEMPATH\CodeIgniter.php(499): CodeIgniter\CodeIgniter->runController(Object(App\Controllers\Blog))
 6 SYSTEMPATH\CodeIgniter.php(368): CodeIgniter\CodeIgniter->handleRequest(null, Object(Config\Cache), false)
 7 FCPATH\index.php(67): CodeIgniter\CodeIgniter->run()
INFO - 2023-04-26 08:10:45 --> Session: Class initialized using 'CodeIgniter\Session\Handlers\FileHandler' driver.
INFO - 2023-04-26 08:10:47 --> Session: Class initialized using 'CodeIgniter\Session\Handlers\FileHandler' driver.
INFO - 2023-04-26 08:10:51 --> Session: Class initialized using 'CodeIgniter\Session\Handlers\FileHandler' driver.
INFO - 2023-04-26 08:10:52 --> Session: Class initialized using 'CodeIgniter\Session\Handlers\FileHandler' driver.
INFO - 2023-04-26 08:11:04 --> Session: Class initialized using 'CodeIgniter\Session\Handlers\FileHandler' driver.
CRITICAL - 2023-04-26 08:11:05 --> fopen(hot_topics2.jpg): Failed to open stream: No such file or directory
in APPPATH\Libraries\phpftp\nicolab\php-ftp-client\src\FtpClient\FtpClient.php on line 623.
 1 [internal function]: CodeIgniter\Debug\Exceptions->errorHandler(2, 'fopen(hot_topics2.jpg): Failed to open stream: No such file or directory', 'APPPATH\\Libraries\\phpftp\\nicolab\\php-ftp-client\\src\\FtpClient\\FtpClient.php', 623)
 2 APPPATH\Libraries\phpftp\nicolab\php-ftp-client\src\FtpClient\FtpClient.php(623): fopen('hot_topics2.jpg', 'r')
 3 APPPATH\Controllers\Blog.php(112): FtpClient\FtpClient->putFromPath('hot_topics2.jpg')
 4 SYSTEMPATH\CodeIgniter.php(934): App\Controllers\Blog->post_blog()
 5 SYSTEMPATH\CodeIgniter.php(499): CodeIgniter\CodeIgniter->runController(Object(App\Controllers\Blog))
 6 SYSTEMPATH\CodeIgniter.php(368): CodeIgniter\CodeIgniter->handleRequest(null, Object(Config\Cache), false)
 7 FCPATH\index.php(67): CodeIgniter\CodeIgniter->run()
INFO - 2023-04-26 08:12:54 --> Session: Class initialized using 'CodeIgniter\Session\Handlers\FileHandler' driver.
INFO - 2023-04-26 08:12:55 --> Session: Class initialized using 'CodeIgniter\Session\Handlers\FileHandler' driver.
INFO - 2023-04-26 08:13:01 --> Session: Class initialized using 'CodeIgniter\Session\Handlers\FileHandler' driver.
INFO - 2023-04-26 08:13:02 --> Session: Class initialized using 'CodeIgniter\Session\Handlers\FileHandler' driver.
INFO - 2023-04-26 08:13:15 --> Session: Class initialized using 'CodeIgniter\Session\Handlers\FileHandler' driver.
CRITICAL - 2023-04-26 08:13:17 --> fopen(hot_topics2.jpg): Failed to open stream: No such file or directory
in APPPATH\Libraries\phpftp\nicolab\php-ftp-client\src\FtpClient\FtpClient.php on line 623.
 1 [internal function]: CodeIgniter\Debug\Exceptions->errorHandler(2, 'fopen(hot_topics2.jpg): Failed to open stream: No such file or directory', 'APPPATH\\Libraries\\phpftp\\nicolab\\php-ftp-client\\src\\FtpClient\\FtpClient.php', 623)
 2 APPPATH\Libraries\phpftp\nicolab\php-ftp-client\src\FtpClient\FtpClient.php(623): fopen('hot_topics2.jpg', 'r')
 3 APPPATH\Controllers\Blog.php(112): FtpClient\FtpClient->putFromPath('hot_topics2.jpg')
 4 SYSTEMPATH\CodeIgniter.php(934): App\Controllers\Blog->post_blog()
 5 SYSTEMPATH\CodeIgniter.php(499): CodeIgniter\CodeIgniter->runController(Object(App\Controllers\Blog))
 6 SYSTEMPATH\CodeIgniter.php(368): CodeIgniter\CodeIgniter->handleRequest(null, Object(Config\Cache), false)
 7 FCPATH\index.php(67): CodeIgniter\CodeIgniter->run()
INFO - 2023-04-26 08:14:13 --> Session: Class initialized using 'CodeIgniter\Session\Handlers\FileHandler' driver.
INFO - 2023-04-26 08:14:16 --> Session: Class initialized using 'CodeIgniter\Session\Handlers\FileHandler' driver.
INFO - 2023-04-26 08:14:19 --> Session: Class initialized using 'CodeIgniter\Session\Handlers\FileHandler' driver.
INFO - 2023-04-26 08:14:19 --> Session: Class initialized using 'CodeIgniter\Session\Handlers\FileHandler' driver.
INFO - 2023-04-26 08:14:32 --> Session: Class initialized using 'CodeIgniter\Session\Handlers\FileHandler' driver.
CRITICAL - 2023-04-26 08:14:34 --> fopen(hot_topics2.jpg): Failed to open stream: No such file or directory
in APPPATH\Libraries\phpftp\nicolab\php-ftp-client\src\FtpClient\FtpClient.php on line 623.
 1 [internal function]: CodeIgniter\Debug\Exceptions->errorHandler(2, 'fopen(hot_topics2.jpg): Failed to open stream: No such file or directory', 'APPPATH\\Libraries\\phpftp\\nicolab\\php-ftp-client\\src\\FtpClient\\FtpClient.php', 623)
 2 APPPATH\Libraries\phpftp\nicolab\php-ftp-client\src\FtpClient\FtpClient.php(623): fopen('hot_topics2.jpg', 'r')
 3 APPPATH\Controllers\Blog.php(112): FtpClient\FtpClient->putFromPath('hot_topics2.jpg')
 4 SYSTEMPATH\CodeIgniter.php(934): App\Controllers\Blog->post_blog()
 5 SYSTEMPATH\CodeIgniter.php(499): CodeIgniter\CodeIgniter->runController(Object(App\Controllers\Blog))
 6 SYSTEMPATH\CodeIgniter.php(368): CodeIgniter\CodeIgniter->handleRequest(null, Object(Config\Cache), false)
 7 FCPATH\index.php(67): CodeIgniter\CodeIgniter->run()
INFO - 2023-04-26 08:14:59 --> Session: Class initialized using 'CodeIgniter\Session\Handlers\FileHandler' driver.
INFO - 2023-04-26 08:15:00 --> Session: Class initialized using 'CodeIgniter\Session\Handlers\FileHandler' driver.
INFO - 2023-04-26 08:15:19 --> Session: Class initialized using 'CodeIgniter\Session\Handlers\FileHandler' driver.
CRITICAL - 2023-04-26 08:15:21 --> fopen(hot_topics2.jpg): Failed to open stream: No such file or directory
in APPPATH\Libraries\phpftp\nicolab\php-ftp-client\src\FtpClient\FtpClient.php on line 623.
 1 [internal function]: CodeIgniter\Debug\Exceptions->errorHandler(2, 'fopen(hot_topics2.jpg): Failed to open stream: No such file or directory', 'APPPATH\\Libraries\\phpftp\\nicolab\\php-ftp-client\\src\\FtpClient\\FtpClient.php', 623)
 2 APPPATH\Libraries\phpftp\nicolab\php-ftp-client\src\FtpClient\FtpClient.php(623): fopen('hot_topics2.jpg', 'r')
 3 APPPATH\Controllers\Blog.php(112): FtpClient\FtpClient->putFromPath('hot_topics2.jpg')
 4 SYSTEMPATH\CodeIgniter.php(934): App\Controllers\Blog->post_blog()
 5 SYSTEMPATH\CodeIgniter.php(499): CodeIgniter\CodeIgniter->runController(Object(App\Controllers\Blog))
 6 SYSTEMPATH\CodeIgniter.php(368): CodeIgniter\CodeIgniter->handleRequest(null, Object(Config\Cache), false)
 7 FCPATH\index.php(67): CodeIgniter\CodeIgniter->run()
INFO - 2023-04-26 08:19:11 --> Session: Class initialized using 'CodeIgniter\Session\Handlers\FileHandler' driver.
INFO - 2023-04-26 08:19:13 --> Session: Class initialized using 'CodeIgniter\Session\Handlers\FileHandler' driver.
INFO - 2023-04-26 08:19:15 --> Session: Class initialized using 'CodeIgniter\Session\Handlers\FileHandler' driver.
INFO - 2023-04-26 08:19:16 --> Session: Class initialized using 'CodeIgniter\Session\Handlers\FileHandler' driver.
INFO - 2023-04-26 08:19:29 --> Session: Class initialized using 'CodeIgniter\Session\Handlers\FileHandler' driver.
CRITICAL - 2023-04-26 08:19:30 --> fopen(hot_topics2.jpg): Failed to open stream: No such file or directory
in APPPATH\Libraries\phpftp\nicolab\php-ftp-client\src\FtpClient\FtpClient.php on line 623.
 1 [internal function]: CodeIgniter\Debug\Exceptions->errorHandler(2, 'fopen(hot_topics2.jpg): Failed to open stream: No such file or directory', 'APPPATH\\Libraries\\phpftp\\nicolab\\php-ftp-client\\src\\FtpClient\\FtpClient.php', 623)
 2 APPPATH\Libraries\phpftp\nicolab\php-ftp-client\src\FtpClient\FtpClient.php(623): fopen('hot_topics2.jpg', 'r')
 3 APPPATH\Controllers\Blog.php(112): FtpClient\FtpClient->putFromPath('hot_topics2.jpg')
 4 SYSTEMPATH\CodeIgniter.php(934): App\Controllers\Blog->post_blog()
 5 SYSTEMPATH\CodeIgniter.php(499): CodeIgniter\CodeIgniter->runController(Object(App\Controllers\Blog))
 6 SYSTEMPATH\CodeIgniter.php(368): CodeIgniter\CodeIgniter->handleRequest(null, Object(Config\Cache), false)
 7 FCPATH\index.php(67): CodeIgniter\CodeIgniter->run()
INFO - 2023-04-26 08:20:15 --> Session: Class initialized using 'CodeIgniter\Session\Handlers\FileHandler' driver.
CRITICAL - 2023-04-26 08:20:17 --> fopen(hot_topics2.jpg): Failed to open stream: No such file or directory
in APPPATH\Libraries\phpftp\nicolab\php-ftp-client\src\FtpClient\FtpClient.php on line 623.
 1 [internal function]: CodeIgniter\Debug\Exceptions->errorHandler(2, 'fopen(hot_topics2.jpg): Failed to open stream: No such file or directory', 'APPPATH\\Libraries\\phpftp\\nicolab\\php-ftp-client\\src\\FtpClient\\FtpClient.php', 623)
 2 APPPATH\Libraries\phpftp\nicolab\php-ftp-client\src\FtpClient\FtpClient.php(623): fopen('hot_topics2.jpg', 'r')
 3 APPPATH\Controllers\Blog.php(112): FtpClient\FtpClient->putFromPath('hot_topics2.jpg')
 4 SYSTEMPATH\CodeIgniter.php(934): App\Controllers\Blog->post_blog()
 5 SYSTEMPATH\CodeIgniter.php(499): CodeIgniter\CodeIgniter->runController(Object(App\Controllers\Blog))
 6 SYSTEMPATH\CodeIgniter.php(368): CodeIgniter\CodeIgniter->handleRequest(null, Object(Config\Cache), false)
 7 FCPATH\index.php(67): CodeIgniter\CodeIgniter->run()
INFO - 2023-04-26 08:20:18 --> Session: Class initialized using 'CodeIgniter\Session\Handlers\FileHandler' driver.
INFO - 2023-04-26 08:20:19 --> Session: Class initialized using 'CodeIgniter\Session\Handlers\FileHandler' driver.
INFO - 2023-04-26 08:20:21 --> Session: Class initialized using 'CodeIgniter\Session\Handlers\FileHandler' driver.
INFO - 2023-04-26 08:20:21 --> Session: Class initialized using 'CodeIgniter\Session\Handlers\FileHandler' driver.
INFO - 2023-04-26 08:20:23 --> Session: Class initialized using 'CodeIgniter\Session\Handlers\FileHandler' driver.
INFO - 2023-04-26 08:20:24 --> Session: Class initialized using 'CodeIgniter\Session\Handlers\FileHandler' driver.
INFO - 2023-04-26 08:21:44 --> Session: Class initialized using 'CodeIgniter\Session\Handlers\FileHandler' driver.
INFO - 2023-04-26 08:21:45 --> Session: Class initialized using 'CodeIgniter\Session\Handlers\FileHandler' driver.
CRITICAL - 2023-04-26 08:21:53 --> Object of class MongoDB\Model\BSONArray could not be converted to string
in APPPATH\Controllers\Blog.php on line 185.
 1 SYSTEMPATH\CodeIgniter.php(934): App\Controllers\Blog->get_subcategory('77')
 2 SYSTEMPATH\CodeIgniter.php(499): CodeIgniter\CodeIgniter->runController(Object(App\Controllers\Blog))
 3 SYSTEMPATH\CodeIgniter.php(368): CodeIgniter\CodeIgniter->handleRequest(null, Object(Config\Cache), false)
 4 FCPATH\index.php(67): CodeIgniter\CodeIgniter->run()
INFO - 2023-04-26 08:22:15 --> Session: Class initialized using 'CodeIgniter\Session\Handlers\FileHandler' driver.
INFO - 2023-04-26 08:22:21 --> Session: Class initialized using 'CodeIgniter\Session\Handlers\FileHandler' driver.
INFO - 2023-04-26 08:22:22 --> Session: Class initialized using 'CodeIgniter\Session\Handlers\FileHandler' driver.
INFO - 2023-04-26 08:36:23 --> Session: Class initialized using 'CodeIgniter\Session\Handlers\FileHandler' driver.
INFO - 2023-04-26 08:36:24 --> Session: Class initialized using 'CodeIgniter\Session\Handlers\FileHandler' driver.
INFO - 2023-04-26 08:38:13 --> Session: Class initialized using 'CodeIgniter\Session\Handlers\FileHandler' driver.
INFO - 2023-04-26 08:38:23 --> Session: Class initialized using 'CodeIgniter\Session\Handlers\FileHandler' driver.
INFO - 2023-04-26 08:38:25 --> Session: Class initialized using 'CodeIgniter\Session\Handlers\FileHandler' driver.
INFO - 2023-04-26 08:38:26 --> Session: Class initialized using 'CodeIgniter\Session\Handlers\FileHandler' driver.
INFO - 2023-04-26 08:38:27 --> Session: Class initialized using 'CodeIgniter\Session\Handlers\FileHandler' driver.
INFO - 2023-04-26 08:39:42 --> Session: Class initialized using 'CodeIgniter\Session\Handlers\FileHandler' driver.
INFO - 2023-04-26 08:39:57 --> Session: Class initialized using 'CodeIgniter\Session\Handlers\FileHandler' driver.
INFO - 2023-04-26 08:41:30 --> Session: Class initialized using 'CodeIgniter\Session\Handlers\FileHandler' driver.
INFO - 2023-04-26 08:41:31 --> Session: Class initialized using 'CodeIgniter\Session\Handlers\FileHandler' driver.
INFO - 2023-04-26 08:42:20 --> Session: Class initialized using 'CodeIgniter\Session\Handlers\FileHandler' driver.
INFO - 2023-04-26 08:43:04 --> Session: Class initialized using 'CodeIgniter\Session\Handlers\FileHandler' driver.
INFO - 2023-04-26 08:43:18 --> Session: Class initialized using 'CodeIgniter\Session\Handlers\FileHandler' driver.
INFO - 2023-04-26 08:43:21 --> Session: Class initialized using 'CodeIgniter\Session\Handlers\FileHandler' driver.
INFO - 2023-04-26 08:43:21 --> Session: Class initialized using 'CodeIgniter\Session\Handlers\FileHandler' driver.
INFO - 2023-04-26 08:43:24 --> Session: Class initialized using 'CodeIgniter\Session\Handlers\FileHandler' driver.
INFO - 2023-04-26 08:43:26 --> Session: Class initialized using 'CodeIgniter\Session\Handlers\FileHandler' driver.
INFO - 2023-04-26 08:43:29 --> Session: Class initialized using 'CodeIgniter\Session\Handlers\FileHandler' driver.
INFO - 2023-04-26 08:43:31 --> Session: Class initialized using 'CodeIgniter\Session\Handlers\FileHandler' driver.
INFO - 2023-04-26 08:43:33 --> Session: Class initialized using 'CodeIgniter\Session\Handlers\FileHandler' driver.
INFO - 2023-04-26 08:53:00 --> Session: Class initialized using 'CodeIgniter\Session\Handlers\FileHandler' driver.
INFO - 2023-04-26 08:53:18 --> Session: Class initialized using 'CodeIgniter\Session\Handlers\FileHandler' driver.
INFO - 2023-04-26 08:53:20 --> Session: Class initialized using 'CodeIgniter\Session\Handlers\FileHandler' driver.
INFO - 2023-04-26 08:53:23 --> Session: Class initialized using 'CodeIgniter\Session\Handlers\FileHandler' driver.
INFO - 2023-04-26 08:57:10 --> Session: Class initialized using 'CodeIgniter\Session\Handlers\FileHandler' driver.
INFO - 2023-04-26 08:58:15 --> Session: Class initialized using 'CodeIgniter\Session\Handlers\FileHandler' driver.
INFO - 2023-04-26 08:58:49 --> Session: Class initialized using 'CodeIgniter\Session\Handlers\FileHandler' driver.
INFO - 2023-04-26 09:01:29 --> Session: Class initialized using 'CodeIgniter\Session\Handlers\FileHandler' driver.
INFO - 2023-04-26 09:01:37 --> Session: Class initialized using 'CodeIgniter\Session\Handlers\FileHandler' driver.
INFO - 2023-04-26 09:02:10 --> Session: Class initialized using 'CodeIgniter\Session\Handlers\FileHandler' driver.
INFO - 2023-04-26 09:12:22 --> Session: Class initialized using 'CodeIgniter\Session\Handlers\FileHandler' driver.
INFO - 2023-04-26 09:12:58 --> Session: Class initialized using 'CodeIgniter\Session\Handlers\FileHandler' driver.
INFO - 2023-04-26 09:13:06 --> Session: Class initialized using 'CodeIgniter\Session\Handlers\FileHandler' driver.
INFO - 2023-04-26 09:13:06 --> Session: Class initialized using 'CodeIgniter\Session\Handlers\FileHandler' driver.
INFO - 2023-04-26 09:13:09 --> Session: Class initialized using 'CodeIgniter\Session\Handlers\FileHandler' driver.
INFO - 2023-04-26 09:13:54 --> Session: Class initialized using 'CodeIgniter\Session\Handlers\FileHandler' driver.
INFO - 2023-04-26 10:13:51 --> Session: Class initialized using 'CodeIgniter\Session\Handlers\FileHandler' driver.
INFO - 2023-04-26 10:13:51 --> Session: Class initialized using 'CodeIgniter\Session\Handlers\FileHandler' driver.
INFO - 2023-04-26 11:25:47 --> Session: Class initialized using 'CodeIgniter\Session\Handlers\FileHandler' driver.
INFO - 2023-04-26 11:25:48 --> Session: Class initialized using 'CodeIgniter\Session\Handlers\FileHandler' driver.
INFO - 2023-04-26 11:25:59 --> Session: Class initialized using 'CodeIgniter\Session\Handlers\FileHandler' driver.
INFO - 2023-04-26 11:25:59 --> Session: Class initialized using 'CodeIgniter\Session\Handlers\FileHandler' driver.
INFO - 2023-04-26 11:26:04 --> Session: Class initialized using 'CodeIgniter\Session\Handlers\FileHandler' driver.
INFO - 2023-04-26 11:26:07 --> Session: Class initialized using 'CodeIgniter\Session\Handlers\FileHandler' driver.
INFO - 2023-04-26 11:26:10 --> Session: Class initialized using 'CodeIgniter\Session\Handlers\FileHandler' driver.
INFO - 2023-04-26 11:26:17 --> Session: Class initialized using 'CodeIgniter\Session\Handlers\FileHandler' driver.
INFO - 2023-04-26 11:26:30 --> Session: Class initialized using 'CodeIgniter\Session\Handlers\FileHandler' driver.
INFO - 2023-04-26 11:26:47 --> Session: Class initialized using 'CodeIgniter\Session\Handlers\FileHandler' driver.
INFO - 2023-04-26 11:26:52 --> Session: Class initialized using 'CodeIgniter\Session\Handlers\FileHandler' driver.
INFO - 2023-04-26 11:28:23 --> Session: Class initialized using 'CodeIgniter\Session\Handlers\FileHandler' driver.
INFO - 2023-04-26 11:28:29 --> Session: Class initialized using 'CodeIgniter\Session\Handlers\FileHandler' driver.
INFO - 2023-04-26 11:28:45 --> Session: Class initialized using 'CodeIgniter\Session\Handlers\FileHandler' driver.
INFO - 2023-04-26 11:29:14 --> Session: Class initialized using 'CodeIgniter\Session\Handlers\FileHandler' driver.
INFO - 2023-04-26 11:35:19 --> Session: Class initialized using 'CodeIgniter\Session\Handlers\FileHandler' driver.
INFO - 2023-04-26 11:35:22 --> Session: Class initialized using 'CodeIgniter\Session\Handlers\FileHandler' driver.
INFO - 2023-04-26 12:00:55 --> Session: Class initialized using 'CodeIgniter\Session\Handlers\FileHandler' driver.
INFO - 2023-04-26 12:00:58 --> Session: Class initialized using 'CodeIgniter\Session\Handlers\FileHandler' driver.
INFO - 2023-04-26 12:01:05 --> Session: Class initialized using 'CodeIgniter\Session\Handlers\FileHandler' driver.
INFO - 2023-04-26 12:01:05 --> Session: Class initialized using 'CodeIgniter\Session\Handlers\FileHandler' driver.
INFO - 2023-04-26 12:01:10 --> Session: Class initialized using 'CodeIgniter\Session\Handlers\FileHandler' driver.
INFO - 2023-04-26 12:01:31 --> Session: Class initialized using 'CodeIgniter\Session\Handlers\FileHandler' driver.
INFO - 2023-04-26 12:01:31 --> Session: Class initialized using 'CodeIgniter\Session\Handlers\FileHandler' driver.
INFO - 2023-04-26 12:03:05 --> Session: Class initialized using 'CodeIgniter\Session\Handlers\FileHandler' driver.
CRITICAL - 2023-04-26 12:03:05 --> Attempt to read property "login_time" on null
in APPPATH\Controllers\Auth.php on line 144.
 1 APPPATH\Controllers\Auth.php(144): CodeIgniter\Debug\Exceptions->errorHandler(2, 'Attempt to read property "login_time" on null', 'APPPATH\\Controllers\\Auth.php', 144)
 2 SYSTEMPATH\CodeIgniter.php(934): App\Controllers\Auth->logout()
 3 SYSTEMPATH\CodeIgniter.php(499): CodeIgniter\CodeIgniter->runController(Object(App\Controllers\Auth))
 4 SYSTEMPATH\CodeIgniter.php(368): CodeIgniter\CodeIgniter->handleRequest(null, Object(Config\Cache), false)
 5 FCPATH\index.php(67): CodeIgniter\CodeIgniter->run()
INFO - 2023-04-26 12:03:10 --> Session: Class initialized using 'CodeIgniter\Session\Handlers\FileHandler' driver.
INFO - 2023-04-26 12:03:15 --> Session: Class initialized using 'CodeIgniter\Session\Handlers\FileHandler' driver.
CRITICAL - 2023-04-26 12:03:15 --> Attempt to read property "login_time" on null
in APPPATH\Controllers\Auth.php on line 144.
 1 APPPATH\Controllers\Auth.php(144): CodeIgniter\Debug\Exceptions->errorHandler(2, 'Attempt to read property "login_time" on null', 'APPPATH\\Controllers\\Auth.php', 144)
 2 SYSTEMPATH\CodeIgniter.php(934): App\Controllers\Auth->logout()
 3 SYSTEMPATH\CodeIgniter.php(499): CodeIgniter\CodeIgniter->runController(Object(App\Controllers\Auth))
 4 SYSTEMPATH\CodeIgniter.php(368): CodeIgniter\CodeIgniter->handleRequest(null, Object(Config\Cache), false)
 5 FCPATH\index.php(67): CodeIgniter\CodeIgniter->run()
INFO - 2023-04-26 12:03:30 --> Session: Class initialized using 'CodeIgniter\Session\Handlers\FileHandler' driver.
INFO - 2023-04-26 12:03:43 --> Session: Class initialized using 'CodeIgniter\Session\Handlers\FileHandler' driver.
INFO - 2023-04-26 12:03:43 --> Session: Class initialized using 'CodeIgniter\Session\Handlers\FileHandler' driver.
INFO - 2023-04-26 12:03:47 --> Session: Class initialized using 'CodeIgniter\Session\Handlers\FileHandler' driver.
INFO - 2023-04-26 12:03:47 --> Session: Class initialized using 'CodeIgniter\Session\Handlers\FileHandler' driver.
INFO - 2023-04-26 12:05:20 --> Session: Class initialized using 'CodeIgniter\Session\Handlers\FileHandler' driver.
CRITICAL - 2023-04-26 12:05:20 --> Attempt to read property "login_time" on null
in APPPATH\Controllers\Auth.php on line 144.
 1 APPPATH\Controllers\Auth.php(144): CodeIgniter\Debug\Exceptions->errorHandler(2, 'Attempt to read property "login_time" on null', 'APPPATH\\Controllers\\Auth.php', 144)
 2 SYSTEMPATH\CodeIgniter.php(934): App\Controllers\Auth->logout()
 3 SYSTEMPATH\CodeIgniter.php(499): CodeIgniter\CodeIgniter->runController(Object(App\Controllers\Auth))
 4 SYSTEMPATH\CodeIgniter.php(368): CodeIgniter\CodeIgniter->handleRequest(null, Object(Config\Cache), false)
 5 FCPATH\index.php(67): CodeIgniter\CodeIgniter->run()
INFO - 2023-04-26 12:05:28 --> Session: Class initialized using 'CodeIgniter\Session\Handlers\FileHandler' driver.
CRITICAL - 2023-04-26 12:05:28 --> Attempt to read property "login_time" on null
in APPPATH\Controllers\Auth.php on line 144.
 1 APPPATH\Controllers\Auth.php(144): CodeIgniter\Debug\Exceptions->errorHandler(2, 'Attempt to read property "login_time" on null', 'APPPATH\\Controllers\\Auth.php', 144)
 2 SYSTEMPATH\CodeIgniter.php(934): App\Controllers\Auth->logout()
 3 SYSTEMPATH\CodeIgniter.php(499): CodeIgniter\CodeIgniter->runController(Object(App\Controllers\Auth))
 4 SYSTEMPATH\CodeIgniter.php(368): CodeIgniter\CodeIgniter->handleRequest(null, Object(Config\Cache), false)
 5 FCPATH\index.php(67): CodeIgniter\CodeIgniter->run()
INFO - 2023-04-26 12:07:37 --> Session: Class initialized using 'CodeIgniter\Session\Handlers\FileHandler' driver.
CRITICAL - 2023-04-26 12:07:37 --> Attempt to read property "login_time" on null
in APPPATH\Controllers\Auth.php on line 144.
 1 APPPATH\Controllers\Auth.php(144): CodeIgniter\Debug\Exceptions->errorHandler(2, 'Attempt to read property "login_time" on null', 'APPPATH\\Controllers\\Auth.php', 144)
 2 SYSTEMPATH\CodeIgniter.php(934): App\Controllers\Auth->logout()
 3 SYSTEMPATH\CodeIgniter.php(499): CodeIgniter\CodeIgniter->runController(Object(App\Controllers\Auth))
 4 SYSTEMPATH\CodeIgniter.php(368): CodeIgniter\CodeIgniter->handleRequest(null, Object(Config\Cache), false)
 5 FCPATH\index.php(67): CodeIgniter\CodeIgniter->run()
INFO - 2023-04-26 12:07:39 --> Session: Class initialized using 'CodeIgniter\Session\Handlers\FileHandler' driver.
INFO - 2023-04-26 12:07:43 --> Session: Class initialized using 'CodeIgniter\Session\Handlers\FileHandler' driver.
CRITICAL - 2023-04-26 12:07:43 --> Attempt to read property "login_time" on null
in APPPATH\Controllers\Auth.php on line 144.
 1 APPPATH\Controllers\Auth.php(144): CodeIgniter\Debug\Exceptions->errorHandler(2, 'Attempt to read property "login_time" on null', 'APPPATH\\Controllers\\Auth.php', 144)
 2 SYSTEMPATH\CodeIgniter.php(934): App\Controllers\Auth->logout()
 3 SYSTEMPATH\CodeIgniter.php(499): CodeIgniter\CodeIgniter->runController(Object(App\Controllers\Auth))
 4 SYSTEMPATH\CodeIgniter.php(368): CodeIgniter\CodeIgniter->handleRequest(null, Object(Config\Cache), false)
 5 FCPATH\index.php(67): CodeIgniter\CodeIgniter->run()
INFO - 2023-04-26 12:07:48 --> Session: Class initialized using 'CodeIgniter\Session\Handlers\FileHandler' driver.
INFO - 2023-04-26 12:09:26 --> Session: Class initialized using 'CodeIgniter\Session\Handlers\FileHandler' driver.
INFO - 2023-04-26 12:09:30 --> Session: Class initialized using 'CodeIgniter\Session\Handlers\FileHandler' driver.
INFO - 2023-04-26 12:09:35 --> Session: Class initialized using 'CodeIgniter\Session\Handlers\FileHandler' driver.
INFO - 2023-04-26 12:11:38 --> Session: Class initialized using 'CodeIgniter\Session\Handlers\FileHandler' driver.
INFO - 2023-04-26 12:12:27 --> Session: Class initialized using 'CodeIgniter\Session\Handlers\FileHandler' driver.
CRITICAL - 2023-04-26 12:12:27 --> Attempt to read property "login_time" on null
in APPPATH\Controllers\Auth.php on line 146.
 1 APPPATH\Controllers\Auth.php(146): CodeIgniter\Debug\Exceptions->errorHandler(2, 'Attempt to read property "login_time" on null', 'APPPATH\\Controllers\\Auth.php', 146)
 2 SYSTEMPATH\CodeIgniter.php(934): App\Controllers\Auth->logout()
 3 SYSTEMPATH\CodeIgniter.php(499): CodeIgniter\CodeIgniter->runController(Object(App\Controllers\Auth))
 4 SYSTEMPATH\CodeIgniter.php(368): CodeIgniter\CodeIgniter->handleRequest(null, Object(Config\Cache), false)
 5 FCPATH\index.php(67): CodeIgniter\CodeIgniter->run()
INFO - 2023-04-26 12:21:03 --> Session: Class initialized using 'CodeIgniter\Session\Handlers\FileHandler' driver.
INFO - 2023-04-26 12:21:19 --> Session: Class initialized using 'CodeIgniter\Session\Handlers\FileHandler' driver.
INFO - 2023-04-26 12:21:23 --> Session: Class initialized using 'CodeIgniter\Session\Handlers\FileHandler' driver.
CRITICAL - 2023-04-26 12:21:23 --> Attempt to read property "login_time" on null
in APPPATH\Controllers\Auth.php on line 146.
 1 APPPATH\Controllers\Auth.php(146): CodeIgniter\Debug\Exceptions->errorHandler(2, 'Attempt to read property "login_time" on null', 'APPPATH\\Controllers\\Auth.php', 146)
 2 SYSTEMPATH\CodeIgniter.php(934): App\Controllers\Auth->logout()
 3 SYSTEMPATH\CodeIgniter.php(499): CodeIgniter\CodeIgniter->runController(Object(App\Controllers\Auth))
 4 SYSTEMPATH\CodeIgniter.php(368): CodeIgniter\CodeIgniter->handleRequest(null, Object(Config\Cache), false)
 5 FCPATH\index.php(67): CodeIgniter\CodeIgniter->run()
INFO - 2023-04-26 12:51:20 --> Session: Class initialized using 'CodeIgniter\Session\Handlers\FileHandler' driver.
INFO - 2023-04-26 12:51:20 --> Session: Class initialized using 'CodeIgniter\Session\Handlers\FileHandler' driver.
INFO - 2023-04-26 12:51:25 --> Session: Class initialized using 'CodeIgniter\Session\Handlers\FileHandler' driver.
INFO - 2023-04-26 12:51:25 --> Session: Class initialized using 'CodeIgniter\Session\Handlers\FileHandler' driver.
INFO - 2023-04-26 12:51:48 --> Session: Class initialized using 'CodeIgniter\Session\Handlers\FileHandler' driver.
INFO - 2023-04-26 12:51:48 --> Session: Class initialized using 'CodeIgniter\Session\Handlers\FileHandler' driver.
INFO - 2023-04-26 12:53:15 --> Session: Class initialized using 'CodeIgniter\Session\Handlers\FileHandler' driver.
INFO - 2023-04-26 12:53:22 --> Session: Class initialized using 'CodeIgniter\Session\Handlers\FileHandler' driver.
INFO - 2023-04-26 12:53:23 --> Session: Class initialized using 'CodeIgniter\Session\Handlers\FileHandler' driver.
INFO - 2023-04-26 12:53:27 --> Session: Class initialized using 'CodeIgniter\Session\Handlers\FileHandler' driver.
INFO - 2023-04-26 12:53:27 --> Session: Class initialized using 'CodeIgniter\Session\Handlers\FileHandler' driver.
INFO - 2023-04-26 12:53:40 --> Session: Class initialized using 'CodeIgniter\Session\Handlers\FileHandler' driver.
INFO - 2023-04-26 12:53:42 --> Session: Class initialized using 'CodeIgniter\Session\Handlers\FileHandler' driver.
INFO - 2023-04-26 12:53:43 --> Session: Class initialized using 'CodeIgniter\Session\Handlers\FileHandler' driver.
INFO - 2023-04-26 12:53:48 --> Session: Class initialized using 'CodeIgniter\Session\Handlers\FileHandler' driver.
INFO - 2023-04-26 12:53:48 --> Session: Class initialized using 'CodeIgniter\Session\Handlers\FileHandler' driver.
INFO - 2023-04-26 12:53:51 --> Session: Class initialized using 'CodeIgniter\Session\Handlers\FileHandler' driver.
INFO - 2023-04-26 12:53:52 --> Session: Class initialized using 'CodeIgniter\Session\Handlers\FileHandler' driver.
INFO - 2023-04-26 12:53:57 --> Session: Class initialized using 'CodeIgniter\Session\Handlers\FileHandler' driver.
INFO - 2023-04-26 12:53:57 --> Session: Class initialized using 'CodeIgniter\Session\Handlers\FileHandler' driver.
INFO - 2023-04-26 12:54:38 --> Session: Class initialized using 'CodeIgniter\Session\Handlers\FileHandler' driver.
INFO - 2023-04-26 12:54:39 --> Session: Class initialized using 'CodeIgniter\Session\Handlers\FileHandler' driver.
INFO - 2023-04-26 12:58:10 --> Session: Class initialized using 'CodeIgniter\Session\Handlers\FileHandler' driver.
INFO - 2023-04-26 12:58:10 --> Session: Class initialized using 'CodeIgniter\Session\Handlers\FileHandler' driver.
INFO - 2023-04-26 12:58:31 --> Session: Class initialized using 'CodeIgniter\Session\Handlers\FileHandler' driver.
INFO - 2023-04-26 12:58:31 --> Session: Class initialized using 'CodeIgniter\Session\Handlers\FileHandler' driver.
INFO - 2023-04-26 13:21:09 --> Session: Class initialized using 'CodeIgniter\Session\Handlers\FileHandler' driver.
INFO - 2023-04-26 13:21:13 --> Session: Class initialized using 'CodeIgniter\Session\Handlers\FileHandler' driver.
